{"/home/travis/build/npmtest/node-npmtest-page/test.js":{"path":"/home/travis/build/npmtest/node-npmtest-page/test.js","s":{"1":2,"2":2,"3":2,"4":2,"5":2,"6":2,"7":2,"8":1,"9":2,"10":2,"11":1,"12":1,"13":1,"14":1,"15":2,"16":2,"17":2,"18":2,"19":1,"20":1,"21":2,"22":2,"23":2,"24":1,"25":1,"26":1,"27":1,"28":1,"29":1,"30":1,"31":1,"32":1,"33":1,"34":1,"35":1,"36":1,"37":1,"38":1,"39":2,"40":2,"41":1,"42":2,"43":2,"44":1,"45":2,"46":2,"47":1,"48":2,"49":2,"50":1,"51":1,"52":1,"53":1,"54":1},"b":{"1":[2,1,1,1],"2":[1,1,1,1],"3":[1,1],"4":[1,1],"5":[1,1],"6":[1,1],"7":[1,1],"8":[1,1],"9":[1,1],"10":[1,1,1],"11":[1,1],"12":[1,1],"13":[1,1],"14":[1,1],"15":[1,1],"16":[1,1],"17":[1,1]},"f":{"1":2,"2":2,"3":2,"4":2,"5":2,"6":1,"7":1,"8":1,"9":2,"10":2,"11":2,"12":2,"13":1},"fnMap":{"1":{"name":"(anonymous_1)","line":12,"loc":{"start":{"line":12,"column":1},"end":{"line":12,"column":13}}},"2":{"name":"(anonymous_2)","line":19,"loc":{"start":{"line":19,"column":5},"end":{"line":19,"column":17}}},"3":{"name":"(anonymous_3)","line":23,"loc":{"start":{"line":23,"column":24},"end":{"line":23,"column":36}}},"4":{"name":"(anonymous_4)","line":61,"loc":{"start":{"line":61,"column":5},"end":{"line":61,"column":17}}},"5":{"name":"(anonymous_5)","line":82,"loc":{"start":{"line":82,"column":5},"end":{"line":82,"column":17}}},"6":{"name":"(anonymous_6)","line":91,"loc":{"start":{"line":91,"column":77},"end":{"line":94,"column":10}}},"7":{"name":"(anonymous_7)","line":112,"loc":{"start":{"line":112,"column":83},"end":{"line":115,"column":10}},"skip":true},"8":{"name":"(anonymous_8)","line":123,"loc":{"start":{"line":123,"column":77},"end":{"line":126,"column":10}},"skip":true},"9":{"name":"(anonymous_9)","line":139,"loc":{"start":{"line":139,"column":12},"end":{"line":139,"column":40}},"skip":true},"10":{"name":"(anonymous_10)","line":147,"loc":{"start":{"line":147,"column":77},"end":{"line":150,"column":10}},"skip":true},"11":{"name":"(anonymous_11)","line":158,"loc":{"start":{"line":158,"column":83},"end":{"line":161,"column":10}},"skip":true},"12":{"name":"(anonymous_12)","line":169,"loc":{"start":{"line":169,"column":79},"end":{"line":172,"column":10}},"skip":true},"13":{"name":"(anonymous_13)","line":180,"loc":{"start":{"line":180,"column":75},"end":{"line":183,"column":10}},"skip":true}},"statementMap":{"1":{"start":{"line":12,"column":0},"end":{"line":195,"column":5}},"2":{"start":{"line":14,"column":4},"end":{"line":14,"column":14}},"3":{"start":{"line":19,"column":4},"end":{"line":56,"column":9}},"4":{"start":{"line":21,"column":8},"end":{"line":21,"column":19}},"5":{"start":{"line":23,"column":8},"end":{"line":35,"column":13}},"6":{"start":{"line":24,"column":12},"end":{"line":34,"column":13}},"7":{"start":{"line":25,"column":16},"end":{"line":28,"column":30}},"8":{"start":{"line":30,"column":16},"end":{"line":33,"column":27}},"9":{"start":{"line":37,"column":8},"end":{"line":39,"column":21}},"10":{"start":{"line":40,"column":8},"end":{"line":53,"column":9}},"11":{"start":{"line":43,"column":12},"end":{"line":46,"column":14}},"12":{"start":{"line":47,"column":12},"end":{"line":47,"column":18}},"13":{"start":{"line":50,"column":12},"end":{"line":51,"column":46}},"14":{"start":{"line":52,"column":12},"end":{"line":52,"column":18}},"15":{"start":{"line":55,"column":8},"end":{"line":55,"column":35}},"16":{"start":{"line":61,"column":4},"end":{"line":63,"column":9}},"17":{"start":{"line":62,"column":8},"end":{"line":62,"column":15}},"18":{"start":{"line":64,"column":4},"end":{"line":77,"column":5}},"19":{"start":{"line":70,"column":8},"end":{"line":70,"column":14}},"20":{"start":{"line":76,"column":8},"end":{"line":76,"column":14}},"21":{"start":{"line":82,"column":4},"end":{"line":84,"column":9}},"22":{"start":{"line":83,"column":8},"end":{"line":83,"column":15}},"23":{"start":{"line":85,"column":4},"end":{"line":194,"column":5}},"24":{"start":{"line":91,"column":8},"end":{"line":99,"column":10}},"25":{"start":{"line":98,"column":12},"end":{"line":98,"column":35}},"26":{"start":{"line":102,"column":8},"end":{"line":104,"column":63}},"27":{"start":{"line":105,"column":8},"end":{"line":105,"column":14}},"28":{"start":{"line":112,"column":8},"end":{"line":121,"column":10},"skip":true},"29":{"start":{"line":119,"column":12},"end":{"line":119,"column":55},"skip":true},"30":{"start":{"line":120,"column":12},"end":{"line":120,"column":48},"skip":true},"31":{"start":{"line":123,"column":8},"end":{"line":136,"column":10},"skip":true},"32":{"start":{"line":130,"column":12},"end":{"line":130,"column":76},"skip":true},"33":{"start":{"line":131,"column":12},"end":{"line":131,"column":73},"skip":true},"34":{"start":{"line":132,"column":12},"end":{"line":132,"column":74},"skip":true},"35":{"start":{"line":133,"column":12},"end":{"line":133,"column":79},"skip":true},"36":{"start":{"line":134,"column":12},"end":{"line":134,"column":25},"skip":true},"37":{"start":{"line":135,"column":12},"end":{"line":135,"column":45},"skip":true},"38":{"start":{"line":138,"column":8},"end":{"line":145,"column":14},"skip":true},"39":{"start":{"line":143,"column":16},"end":{"line":143,"column":29},"skip":true},"40":{"start":{"line":144,"column":16},"end":{"line":144,"column":55},"skip":true},"41":{"start":{"line":147,"column":8},"end":{"line":156,"column":10},"skip":true},"42":{"start":{"line":154,"column":12},"end":{"line":154,"column":25},"skip":true},"43":{"start":{"line":155,"column":12},"end":{"line":155,"column":45},"skip":true},"44":{"start":{"line":158,"column":8},"end":{"line":167,"column":10},"skip":true},"45":{"start":{"line":165,"column":12},"end":{"line":165,"column":25},"skip":true},"46":{"start":{"line":166,"column":12},"end":{"line":166,"column":48},"skip":true},"47":{"start":{"line":169,"column":8},"end":{"line":178,"column":10},"skip":true},"48":{"start":{"line":176,"column":12},"end":{"line":176,"column":25},"skip":true},"49":{"start":{"line":177,"column":12},"end":{"line":177,"column":46},"skip":true},"50":{"start":{"line":180,"column":8},"end":{"line":189,"column":10},"skip":true},"51":{"start":{"line":187,"column":12},"end":{"line":187,"column":94},"skip":true},"52":{"start":{"line":188,"column":12},"end":{"line":188,"column":48},"skip":true},"53":{"start":{"line":192,"column":8},"end":{"line":192,"column":35},"skip":true},"54":{"start":{"line":193,"column":8},"end":{"line":193,"column":14},"skip":true}},"branchMap":{"1":{"line":25,"type":"binary-expr","locations":[{"start":{"line":25,"column":23},"end":{"line":25,"column":62}},{"start":{"line":26,"column":20},"end":{"line":26,"column":70}},{"start":{"line":27,"column":20},"end":{"line":27,"column":71}},{"start":{"line":28,"column":20},"end":{"line":28,"column":29}}]},"2":{"line":30,"type":"binary-expr","locations":[{"start":{"line":30,"column":23},"end":{"line":30,"column":37}},{"start":{"line":31,"column":20},"end":{"line":31,"column":61}},{"start":{"line":32,"column":20},"end":{"line":32,"column":70}},{"start":{"line":33,"column":20},"end":{"line":33,"column":26}}]},"3":{"line":37,"type":"cond-expr","locations":[{"start":{"line":38,"column":14},"end":{"line":38,"column":20}},{"start":{"line":39,"column":14},"end":{"line":39,"column":20}}]},"4":{"line":40,"type":"switch","locations":[{"start":{"line":42,"column":8},"end":{"line":47,"column":18}},{"start":{"line":49,"column":8},"end":{"line":52,"column":18}}]},"5":{"line":44,"type":"binary-expr","locations":[{"start":{"line":44,"column":16},"end":{"line":44,"column":44}},{"start":{"line":44,"column":48},"end":{"line":44,"column":66}}]},"6":{"line":50,"type":"binary-expr","locations":[{"start":{"line":50,"column":21},"end":{"line":50,"column":49}},{"start":{"line":50,"column":53},"end":{"line":50,"column":72}}]},"7":{"line":64,"type":"switch","locations":[{"start":{"line":69,"column":4},"end":{"line":70,"column":14}},{"start":{"line":75,"column":4},"end":{"line":76,"column":14}}]},"8":{"line":85,"type":"switch","locations":[{"start":{"line":90,"column":4},"end":{"line":105,"column":14}},{"start":{"line":111,"column":4},"end":{"line":193,"column":14},"skip":true}]},"9":{"line":91,"type":"binary-expr","locations":[{"start":{"line":91,"column":42},"end":{"line":91,"column":73}},{"start":{"line":91,"column":77},"end":{"line":99,"column":9}}]},"10":{"line":102,"type":"binary-expr","locations":[{"start":{"line":102,"column":18},"end":{"line":102,"column":32}},{"start":{"line":103,"column":12},"end":{"line":103,"column":53}},{"start":{"line":104,"column":12},"end":{"line":104,"column":61}}]},"11":{"line":112,"type":"binary-expr","locations":[{"start":{"line":112,"column":45},"end":{"line":112,"column":79},"skip":true},{"start":{"line":112,"column":83},"end":{"line":121,"column":9},"skip":true}]},"12":{"line":123,"type":"binary-expr","locations":[{"start":{"line":123,"column":42},"end":{"line":123,"column":73},"skip":true},{"start":{"line":123,"column":77},"end":{"line":136,"column":9},"skip":true}]},"13":{"line":138,"type":"binary-expr","locations":[{"start":{"line":138,"column":48},"end":{"line":138,"column":85},"skip":true},{"start":{"line":139,"column":12},"end":{"line":145,"column":13},"skip":true}]},"14":{"line":147,"type":"binary-expr","locations":[{"start":{"line":147,"column":42},"end":{"line":147,"column":73},"skip":true},{"start":{"line":147,"column":77},"end":{"line":156,"column":9},"skip":true}]},"15":{"line":158,"type":"binary-expr","locations":[{"start":{"line":158,"column":45},"end":{"line":158,"column":79},"skip":true},{"start":{"line":158,"column":83},"end":{"line":167,"column":9},"skip":true}]},"16":{"line":169,"type":"binary-expr","locations":[{"start":{"line":169,"column":43},"end":{"line":169,"column":75},"skip":true},{"start":{"line":169,"column":79},"end":{"line":178,"column":9},"skip":true}]},"17":{"line":180,"type":"binary-expr","locations":[{"start":{"line":180,"column":41},"end":{"line":180,"column":71},"skip":true},{"start":{"line":180,"column":75},"end":{"line":189,"column":9},"skip":true}]}},"code":["/* istanbul instrument in package npmtest_page */","/*jslint","    bitwise: true,","    browser: true,","    maxerr: 8,","    maxlen: 96,","    node: true,","    nomen: true,","    regexp: true,","    stupid: true","*/","(function () {","    'use strict';","    var local;","","","","    // run shared js-env code - pre-init","    (function () {","        // init local","        local = {};","        // init modeJs","        local.modeJs = (function () {","            try {","                return typeof navigator.userAgent === 'string' &&","                    typeof document.querySelector('body') === 'object' &&","                    typeof XMLHttpRequest.prototype.open === 'function' &&","                    'browser';","            } catch (errorCaughtBrowser) {","                return module.exports &&","                    typeof process.versions.node === 'string' &&","                    typeof require('http').createServer === 'function' &&","                    'node';","            }","        }());","        // init global","        local.global = local.modeJs === 'browser'","            ? window","            : global;","        switch (local.modeJs) {","        // re-init local from window.local","        case 'browser':","            local = local.global.utility2.objectSetDefault(","                local.global.utility2_rollup || local.global.local,","                local.global.utility2","            );","            break;","        // re-init local from example.js","        case 'node':","            local = (local.global.utility2_rollup || require('utility2'))","                .requireExampleJsFromReadme();","            break;","        }","        // export local","        local.global.local = local;","    }());","","","","    // run shared js-env code - function","    (function () {","        return;","    }());","    switch (local.modeJs) {","","","","    // run browser js-env code - function","    case 'browser':","        break;","","","","    // run node js-env code - function","    case 'node':","        break;","    }","","","","    // run shared js-env code - post-init","    (function () {","        return;","    }());","    switch (local.modeJs) {","","","","    // run browser js-env code - post-init","    case 'browser':","        local.testCase_browser_nullCase = local.testCase_browser_nullCase || function (","            options,","            onError","        ) {","        /*","         * this function will test browsers's null-case handling-behavior-behavior","         */","            onError(null, options);","        };","","        // run tests","        local.nop(local.modeTest &&","            document.querySelector('#testRunButton1') &&","            document.querySelector('#testRunButton1').click());","        break;","","","","    // run node js-env code - post-init","    /* istanbul ignore next */","    case 'node':","        local.testCase_buildApidoc_default = local.testCase_buildApidoc_default || function (","            options,","            onError","        ) {","        /*","         * this function will test buildApidoc's default handling-behavior-behavior","         */","            options = { modulePathList: module.paths };","            local.buildApidoc(options, onError);","        };","","        local.testCase_buildApp_default = local.testCase_buildApp_default || function (","            options,","            onError","        ) {","        /*","         * this function will test buildApp's default handling-behavior-behavior","         */","            local.testCase_buildReadme_default(options, local.onErrorThrow);","            local.testCase_buildLib_default(options, local.onErrorThrow);","            local.testCase_buildTest_default(options, local.onErrorThrow);","            local.testCase_buildCustomOrg_default(options, local.onErrorThrow);","            options = [];","            local.buildApp(options, onError);","        };","","        local.testCase_buildCustomOrg_default = local.testCase_buildCustomOrg_default ||","            function (options, onError) {","            /*","             * this function will test buildCustomOrg's default handling-behavior","             */","                options = {};","                local.buildCustomOrg(options, onError);","            };","","        local.testCase_buildLib_default = local.testCase_buildLib_default || function (","            options,","            onError","        ) {","        /*","         * this function will test buildLib's default handling-behavior","         */","            options = {};","            local.buildLib(options, onError);","        };","","        local.testCase_buildReadme_default = local.testCase_buildReadme_default || function (","            options,","            onError","        ) {","        /*","         * this function will test buildReadme's default handling-behavior-behavior","         */","            options = {};","            local.buildReadme(options, onError);","        };","","        local.testCase_buildTest_default = local.testCase_buildTest_default || function (","            options,","            onError","        ) {","        /*","         * this function will test buildTest's default handling-behavior","         */","            options = {};","            local.buildTest(options, onError);","        };","","        local.testCase_webpage_default = local.testCase_webpage_default || function (","            options,","            onError","        ) {","        /*","         * this function will test webpage's default handling-behavior","         */","            options = { modeCoverageMerge: true, url: local.serverLocalHost + '?modeTest=1' };","            local.browserTest(options, onError);","        };","","        // run test-server","        local.testRunServer(local);","        break;","    }","}());",""],"l":{"12":2,"14":2,"19":2,"21":2,"23":2,"24":2,"25":2,"30":1,"37":2,"40":2,"43":1,"47":1,"50":1,"52":1,"55":2,"61":2,"62":2,"64":2,"70":1,"76":1,"82":2,"83":2,"85":2,"91":1,"98":1,"102":1,"105":1,"112":1,"119":1,"120":1,"123":1,"130":1,"131":1,"132":1,"133":1,"134":1,"135":1,"138":1,"143":2,"144":2,"147":1,"154":2,"155":2,"158":1,"165":2,"166":2,"169":1,"176":2,"177":2,"180":1,"187":1,"188":1,"192":1,"193":1}},"/home/travis/build/npmtest/node-npmtest-page/lib.npmtest_page.js":{"path":"/home/travis/build/npmtest/node-npmtest-page/lib.npmtest_page.js","s":{"1":2,"2":2,"3":2,"4":2,"5":2,"6":2,"7":2,"8":1,"9":2,"10":2,"11":2,"12":2,"13":1,"14":1,"15":1,"16":1},"b":{"1":[2,1,1,1],"2":[1,1,1,1],"3":[1,1],"4":[2,2],"5":[1,1]},"f":{"1":2,"2":2,"3":2},"fnMap":{"1":{"name":"(anonymous_1)","line":12,"loc":{"start":{"line":12,"column":1},"end":{"line":12,"column":13}}},"2":{"name":"(anonymous_2)","line":19,"loc":{"start":{"line":19,"column":5},"end":{"line":19,"column":17}}},"3":{"name":"(anonymous_3)","line":23,"loc":{"start":{"line":23,"column":24},"end":{"line":23,"column":36}}}},"statementMap":{"1":{"start":{"line":12,"column":0},"end":{"line":53,"column":5}},"2":{"start":{"line":14,"column":4},"end":{"line":14,"column":14}},"3":{"start":{"line":19,"column":4},"end":{"line":52,"column":9}},"4":{"start":{"line":21,"column":8},"end":{"line":21,"column":19}},"5":{"start":{"line":23,"column":8},"end":{"line":35,"column":13}},"6":{"start":{"line":24,"column":12},"end":{"line":34,"column":13}},"7":{"start":{"line":25,"column":16},"end":{"line":28,"column":30}},"8":{"start":{"line":30,"column":16},"end":{"line":33,"column":27}},"9":{"start":{"line":37,"column":8},"end":{"line":39,"column":21}},"10":{"start":{"line":41,"column":8},"end":{"line":41,"column":54}},"11":{"start":{"line":43,"column":8},"end":{"line":43,"column":49}},"12":{"start":{"line":45,"column":8},"end":{"line":51,"column":9}},"13":{"start":{"line":46,"column":12},"end":{"line":46,"column":55}},"14":{"start":{"line":48,"column":12},"end":{"line":48,"column":35}},"15":{"start":{"line":49,"column":12},"end":{"line":49,"column":49}},"16":{"start":{"line":50,"column":12},"end":{"line":50,"column":43}}},"branchMap":{"1":{"line":25,"type":"binary-expr","locations":[{"start":{"line":25,"column":23},"end":{"line":25,"column":62}},{"start":{"line":26,"column":20},"end":{"line":26,"column":70}},{"start":{"line":27,"column":20},"end":{"line":27,"column":71}},{"start":{"line":28,"column":20},"end":{"line":28,"column":29}}]},"2":{"line":30,"type":"binary-expr","locations":[{"start":{"line":30,"column":23},"end":{"line":30,"column":37}},{"start":{"line":31,"column":20},"end":{"line":31,"column":61}},{"start":{"line":32,"column":20},"end":{"line":32,"column":70}},{"start":{"line":33,"column":20},"end":{"line":33,"column":26}}]},"3":{"line":37,"type":"cond-expr","locations":[{"start":{"line":38,"column":14},"end":{"line":38,"column":20}},{"start":{"line":39,"column":14},"end":{"line":39,"column":20}}]},"4":{"line":41,"type":"binary-expr","locations":[{"start":{"line":41,"column":16},"end":{"line":41,"column":44}},{"start":{"line":41,"column":48},"end":{"line":41,"column":53}}]},"5":{"line":45,"type":"if","locations":[{"start":{"line":45,"column":8},"end":{"line":45,"column":8}},{"start":{"line":45,"column":8},"end":{"line":45,"column":8}}]}},"code":["/* istanbul instrument in package npmtest_page */","/*jslint","    bitwise: true,","    browser: true,","    maxerr: 8,","    maxlen: 96,","    node: true,","    nomen: true,","    regexp: true,","    stupid: true","*/","(function () {","    'use strict';","    var local;","","","","    // run shared js-env code - pre-init","    (function () {","        // init local","        local = {};","        // init modeJs","        local.modeJs = (function () {","            try {","                return typeof navigator.userAgent === 'string' &&","                    typeof document.querySelector('body') === 'object' &&","                    typeof XMLHttpRequest.prototype.open === 'function' &&","                    'browser';","            } catch (errorCaughtBrowser) {","                return module.exports &&","                    typeof process.versions.node === 'string' &&","                    typeof require('http').createServer === 'function' &&","                    'node';","            }","        }());","        // init global","        local.global = local.modeJs === 'browser'","            ? window","            : global;","        // init utility2_rollup","        local = local.global.utility2_rollup || local;","        // init lib","        local.local = local.npmtest_page = local;","        // init exports","        if (local.modeJs === 'browser') {","            local.global.utility2_npmtest_page = local;","        } else {","            module.exports = local;","            module.exports.__dirname = __dirname;","            module.exports.module = module;","        }","    }());","}());",""],"l":{"12":2,"14":2,"19":2,"21":2,"23":2,"24":2,"25":2,"30":1,"37":2,"41":2,"43":2,"45":2,"46":1,"48":1,"49":1,"50":1}},"/home/travis/build/npmtest/node-npmtest-page/example.js":{"path":"/home/travis/build/npmtest/node-npmtest-page/example.js","s":{"1":2,"2":2,"3":2,"4":2,"5":2,"6":2,"7":2,"8":1,"9":2,"10":2,"11":2,"12":2,"13":1,"14":2,"15":2,"16":2,"17":2,"18":2,"19":0,"20":2,"21":1,"22":1,"23":1,"24":1,"25":1,"26":0,"27":0,"28":1,"29":1,"30":2,"31":0,"32":0,"33":0,"34":1,"35":2,"36":2,"37":3,"38":3,"39":3,"40":3,"41":0,"42":3,"43":3,"44":3,"45":1,"46":3,"47":1,"48":1,"49":1,"50":1,"51":1,"52":1,"53":1,"54":1,"55":1,"56":1,"57":0,"58":1,"59":6,"60":6,"61":1,"62":2,"63":0,"64":2,"65":1,"66":1,"67":0,"68":0,"69":0,"70":0,"71":0,"72":0,"73":0,"74":0,"75":0,"76":0,"77":0,"78":0,"79":0,"80":0,"81":0,"82":0,"83":0},"b":{"1":[2,1,1,1],"2":[1,1,1,1],"3":[1,1],"4":[2,2],"5":[1,1],"6":[1,1],"7":[2,0],"8":[2,1,1,1,1,1],"9":[0,2,0],"10":[1,1],"11":[2,1,1],"12":[1,0],"13":[0,2],"14":[2,0,0,0,0,0,0],"15":[0,3],"16":[3,0],"17":[1,1],"18":[0,1],"19":[1,2,0,2],"20":[1,0],"21":[1,1],"22":[0,0],"23":[0,0],"24":[0,0],"25":[0,0],"26":[0,0],"27":[0,0],"28":[0,0]},"f":{"1":2,"2":2,"3":2,"4":2,"5":2,"6":2,"7":3,"8":3,"9":3,"10":1,"11":6,"12":0},"fnMap":{"1":{"name":"(anonymous_1)","line":26,"loc":{"start":{"line":26,"column":1},"end":{"line":26,"column":13}}},"2":{"name":"(anonymous_2)","line":33,"loc":{"start":{"line":33,"column":5},"end":{"line":33,"column":17}}},"3":{"name":"(anonymous_3)","line":37,"loc":{"start":{"line":37,"column":24},"end":{"line":37,"column":36}}},"4":{"name":"(anonymous_4)","line":69,"loc":{"start":{"line":69,"column":31},"end":{"line":69,"column":48}},"skip":true},"5":{"name":"(anonymous_5)","line":78,"loc":{"start":{"line":78,"column":26},"end":{"line":78,"column":45}},"skip":true},"6":{"name":"(anonymous_6)","line":123,"loc":{"start":{"line":123,"column":33},"end":{"line":123,"column":48}},"skip":true},"7":{"name":"(anonymous_7)","line":125,"loc":{"start":{"line":125,"column":27},"end":{"line":125,"column":39}},"skip":true},"8":{"name":"(anonymous_8)","line":133,"loc":{"start":{"line":133,"column":59},"end":{"line":133,"column":74}},"skip":true},"9":{"name":"(anonymous_9)","line":143,"loc":{"start":{"line":143,"column":45},"end":{"line":143,"column":62}},"skip":true},"10":{"name":"(anonymous_10)","line":144,"loc":{"start":{"line":144,"column":73},"end":{"line":144,"column":92}},"skip":true},"11":{"name":"(anonymous_11)","line":272,"loc":{"start":{"line":272,"column":51},"end":{"line":272,"column":77}},"skip":true},"12":{"name":"(anonymous_12)","line":315,"loc":{"start":{"line":315,"column":32},"end":{"line":315,"column":61}},"skip":true}},"statementMap":{"1":{"start":{"line":26,"column":0},"end":{"line":326,"column":5}},"2":{"start":{"line":28,"column":4},"end":{"line":28,"column":14}},"3":{"start":{"line":33,"column":4},"end":{"line":60,"column":9}},"4":{"start":{"line":35,"column":8},"end":{"line":35,"column":19}},"5":{"start":{"line":37,"column":8},"end":{"line":49,"column":13}},"6":{"start":{"line":38,"column":12},"end":{"line":48,"column":13}},"7":{"start":{"line":39,"column":16},"end":{"line":42,"column":30}},"8":{"start":{"line":44,"column":16},"end":{"line":47,"column":27}},"9":{"start":{"line":51,"column":8},"end":{"line":53,"column":21}},"10":{"start":{"line":55,"column":8},"end":{"line":57,"column":45}},"11":{"start":{"line":59,"column":8},"end":{"line":59,"column":35}},"12":{"start":{"line":61,"column":4},"end":{"line":325,"column":5}},"13":{"start":{"line":69,"column":8},"end":{"line":121,"column":10},"skip":true},"14":{"start":{"line":70,"column":12},"end":{"line":88,"column":13},"skip":true},"15":{"start":{"line":76,"column":16},"end":{"line":87,"column":19},"skip":true},"16":{"start":{"line":79,"column":20},"end":{"line":86,"column":21},"skip":true},"17":{"start":{"line":82,"column":24},"end":{"line":82,"column":43},"skip":true},"18":{"start":{"line":83,"column":24},"end":{"line":83,"column":30},"skip":true},"19":{"start":{"line":85,"column":24},"end":{"line":85,"column":49},"skip":true},"20":{"start":{"line":89,"column":12},"end":{"line":107,"column":13},"skip":true},"21":{"start":{"line":92,"column":16},"end":{"line":102,"column":17},"skip":true},"22":{"start":{"line":93,"column":20},"end":{"line":93,"column":86},"skip":true},"23":{"start":{"line":94,"column":20},"end":{"line":95,"column":45},"skip":true},"24":{"start":{"line":96,"column":20},"end":{"line":96,"column":42},"skip":true},"25":{"start":{"line":97,"column":20},"end":{"line":97,"column":48},"skip":true},"26":{"start":{"line":100,"column":20},"end":{"line":100,"column":85},"skip":true},"27":{"start":{"line":101,"column":20},"end":{"line":101,"column":96},"skip":true},"28":{"start":{"line":103,"column":16},"end":{"line":103,"column":22},"skip":true},"29":{"start":{"line":106,"column":16},"end":{"line":106,"column":22},"skip":true},"30":{"start":{"line":108,"column":12},"end":{"line":120,"column":13},"skip":true},"31":{"start":{"line":114,"column":16},"end":{"line":119,"column":17},"skip":true},"32":{"start":{"line":116,"column":20},"end":{"line":116,"column":78},"skip":true},"33":{"start":{"line":118,"column":20},"end":{"line":118,"column":47},"skip":true},"34":{"start":{"line":123,"column":8},"end":{"line":141,"column":11},"skip":true},"35":{"start":{"line":124,"column":12},"end":{"line":124,"column":54},"skip":true},"36":{"start":{"line":125,"column":12},"end":{"line":140,"column":14},"skip":true},"37":{"start":{"line":126,"column":16},"end":{"line":126,"column":28},"skip":true},"38":{"start":{"line":127,"column":16},"end":{"line":127,"column":69},"skip":true},"39":{"start":{"line":128,"column":16},"end":{"line":128,"column":75},"skip":true},"40":{"start":{"line":129,"column":16},"end":{"line":131,"column":17},"skip":true},"41":{"start":{"line":130,"column":20},"end":{"line":130,"column":27},"skip":true},"42":{"start":{"line":133,"column":16},"end":{"line":137,"column":36},"skip":true},"43":{"start":{"line":134,"column":20},"end":{"line":136,"column":55},"skip":true},"44":{"start":{"line":139,"column":16},"end":{"line":139,"column":57},"skip":true},"45":{"start":{"line":143,"column":8},"end":{"line":147,"column":11},"skip":true},"46":{"start":{"line":144,"column":12},"end":{"line":146,"column":15},"skip":true},"47":{"start":{"line":145,"column":16},"end":{"line":145,"column":70},"skip":true},"48":{"start":{"line":149,"column":8},"end":{"line":149,"column":31},"skip":true},"49":{"start":{"line":150,"column":8},"end":{"line":150,"column":14},"skip":true},"50":{"start":{"line":158,"column":8},"end":{"line":158,"column":31},"skip":true},"51":{"start":{"line":160,"column":8},"end":{"line":160,"column":33},"skip":true},"52":{"start":{"line":161,"column":8},"end":{"line":161,"column":37},"skip":true},"53":{"start":{"line":162,"column":8},"end":{"line":162,"column":35},"skip":true},"54":{"start":{"line":164,"column":8},"end":{"line":164,"column":50},"skip":true},"55":{"start":{"line":166,"column":8},"end":{"line":256,"column":2},"skip":true},"56":{"start":{"line":258,"column":8},"end":{"line":286,"column":9},"skip":true},"57":{"start":{"line":259,"column":12},"end":{"line":269,"column":14},"skip":true},"58":{"start":{"line":271,"column":12},"end":{"line":285,"column":19},"skip":true},"59":{"start":{"line":274,"column":20},"end":{"line":274,"column":35},"skip":true},"60":{"start":{"line":275,"column":20},"end":{"line":284,"column":21},"skip":true},"61":{"start":{"line":277,"column":24},"end":{"line":277,"column":64},"skip":true},"62":{"start":{"line":279,"column":24},"end":{"line":279,"column":40},"skip":true},"63":{"start":{"line":281,"column":24},"end":{"line":281,"column":40},"skip":true},"64":{"start":{"line":283,"column":24},"end":{"line":283,"column":39},"skip":true},"65":{"start":{"line":288,"column":8},"end":{"line":290,"column":9},"skip":true},"66":{"start":{"line":289,"column":12},"end":{"line":289,"column":18},"skip":true},"67":{"start":{"line":291,"column":8},"end":{"line":293,"column":54},"skip":true},"68":{"start":{"line":296,"column":8},"end":{"line":301,"column":37},"skip":true},"69":{"start":{"line":303,"column":8},"end":{"line":303,"column":82},"skip":true},"70":{"start":{"line":306,"column":8},"end":{"line":308,"column":9},"skip":true},"71":{"start":{"line":307,"column":12},"end":{"line":307,"column":82},"skip":true},"72":{"start":{"line":310,"column":8},"end":{"line":312,"column":9},"skip":true},"73":{"start":{"line":311,"column":12},"end":{"line":311,"column":18},"skip":true},"74":{"start":{"line":313,"column":8},"end":{"line":313,"column":54},"skip":true},"75":{"start":{"line":314,"column":8},"end":{"line":314,"column":69},"skip":true},"76":{"start":{"line":315,"column":8},"end":{"line":323,"column":36},"skip":true},"77":{"start":{"line":316,"column":12},"end":{"line":316,"column":61},"skip":true},"78":{"start":{"line":317,"column":12},"end":{"line":320,"column":13},"skip":true},"79":{"start":{"line":318,"column":16},"end":{"line":318,"column":75},"skip":true},"80":{"start":{"line":319,"column":16},"end":{"line":319,"column":23},"skip":true},"81":{"start":{"line":321,"column":12},"end":{"line":321,"column":38},"skip":true},"82":{"start":{"line":322,"column":12},"end":{"line":322,"column":27},"skip":true},"83":{"start":{"line":324,"column":8},"end":{"line":324,"column":14},"skip":true}},"branchMap":{"1":{"line":39,"type":"binary-expr","locations":[{"start":{"line":39,"column":23},"end":{"line":39,"column":62}},{"start":{"line":40,"column":20},"end":{"line":40,"column":70}},{"start":{"line":41,"column":20},"end":{"line":41,"column":71}},{"start":{"line":42,"column":20},"end":{"line":42,"column":29}}]},"2":{"line":44,"type":"binary-expr","locations":[{"start":{"line":44,"column":23},"end":{"line":44,"column":37}},{"start":{"line":45,"column":20},"end":{"line":45,"column":61}},{"start":{"line":46,"column":20},"end":{"line":46,"column":70}},{"start":{"line":47,"column":20},"end":{"line":47,"column":26}}]},"3":{"line":51,"type":"cond-expr","locations":[{"start":{"line":52,"column":14},"end":{"line":52,"column":20}},{"start":{"line":53,"column":14},"end":{"line":53,"column":20}}]},"4":{"line":55,"type":"binary-expr","locations":[{"start":{"line":55,"column":16},"end":{"line":55,"column":44}},{"start":{"line":55,"column":49},"end":{"line":57,"column":43}}]},"5":{"line":55,"type":"cond-expr","locations":[{"start":{"line":56,"column":14},"end":{"line":56,"column":48}},{"start":{"line":57,"column":14},"end":{"line":57,"column":43}}]},"6":{"line":61,"type":"switch","locations":[{"start":{"line":68,"column":4},"end":{"line":150,"column":14},"skip":true},{"start":{"line":156,"column":4},"end":{"line":324,"column":14},"skip":true}]},"7":{"line":70,"type":"if","locations":[{"start":{"line":70,"column":12},"end":{"line":70,"column":12},"skip":true},{"start":{"line":70,"column":12},"end":{"line":70,"column":12},"skip":true}]},"8":{"line":70,"type":"binary-expr","locations":[{"start":{"line":70,"column":16},"end":{"line":70,"column":22},"skip":true},{"start":{"line":70,"column":27},"end":{"line":70,"column":32},"skip":true},{"start":{"line":71,"column":20},"end":{"line":71,"column":39},"skip":true},{"start":{"line":72,"column":20},"end":{"line":72,"column":49},"skip":true},{"start":{"line":73,"column":20},"end":{"line":73,"column":58},"skip":true},{"start":{"line":74,"column":20},"end":{"line":74,"column":69},"skip":true}]},"9":{"line":79,"type":"switch","locations":[{"start":{"line":80,"column":20},"end":{"line":80,"column":33},"skip":true},{"start":{"line":81,"column":20},"end":{"line":83,"column":30},"skip":true},{"start":{"line":84,"column":20},"end":{"line":85,"column":49},"skip":true}]},"10":{"line":89,"type":"switch","locations":[{"start":{"line":90,"column":12},"end":{"line":103,"column":22},"skip":true},{"start":{"line":105,"column":12},"end":{"line":106,"column":22},"skip":true}]},"11":{"line":89,"type":"binary-expr","locations":[{"start":{"line":89,"column":20},"end":{"line":89,"column":25},"skip":true},{"start":{"line":89,"column":29},"end":{"line":89,"column":48},"skip":true},{"start":{"line":89,"column":52},"end":{"line":89,"column":74},"skip":true}]},"12":{"line":92,"type":"if","locations":[{"start":{"line":92,"column":16},"end":{"line":92,"column":16},"skip":true},{"start":{"line":92,"column":16},"end":{"line":92,"column":16},"skip":true}]},"13":{"line":108,"type":"if","locations":[{"start":{"line":108,"column":12},"end":{"line":108,"column":12},"skip":true},{"start":{"line":108,"column":12},"end":{"line":108,"column":12},"skip":true}]},"14":{"line":108,"type":"binary-expr","locations":[{"start":{"line":108,"column":16},"end":{"line":108,"column":61},"skip":true},{"start":{"line":108,"column":66},"end":{"line":108,"column":72},"skip":true},{"start":{"line":108,"column":77},"end":{"line":108,"column":82},"skip":true},{"start":{"line":109,"column":20},"end":{"line":109,"column":39},"skip":true},{"start":{"line":110,"column":20},"end":{"line":110,"column":49},"skip":true},{"start":{"line":111,"column":20},"end":{"line":111,"column":58},"skip":true},{"start":{"line":112,"column":20},"end":{"line":112,"column":68},"skip":true}]},"15":{"line":129,"type":"if","locations":[{"start":{"line":129,"column":16},"end":{"line":129,"column":16},"skip":true},{"start":{"line":129,"column":16},"end":{"line":129,"column":16},"skip":true}]},"16":{"line":134,"type":"cond-expr","locations":[{"start":{"line":135,"column":26},"end":{"line":135,"column":29},"skip":true},{"start":{"line":136,"column":26},"end":{"line":136,"column":54},"skip":true}]},"17":{"line":164,"type":"binary-expr","locations":[{"start":{"line":164,"column":27},"end":{"line":164,"column":43},"skip":true},{"start":{"line":164,"column":47},"end":{"line":164,"column":49},"skip":true}]},"18":{"line":258,"type":"if","locations":[{"start":{"line":258,"column":8},"end":{"line":258,"column":8},"skip":true},{"start":{"line":258,"column":8},"end":{"line":258,"column":8},"skip":true}]},"19":{"line":275,"type":"switch","locations":[{"start":{"line":276,"column":20},"end":{"line":277,"column":64},"skip":true},{"start":{"line":278,"column":20},"end":{"line":279,"column":40},"skip":true},{"start":{"line":280,"column":20},"end":{"line":281,"column":40},"skip":true},{"start":{"line":282,"column":20},"end":{"line":283,"column":39},"skip":true}]},"20":{"line":288,"type":"if","locations":[{"start":{"line":288,"column":8},"end":{"line":288,"column":8},"skip":true},{"start":{"line":288,"column":8},"end":{"line":288,"column":8},"skip":true}]},"21":{"line":288,"type":"binary-expr","locations":[{"start":{"line":288,"column":12},"end":{"line":288,"column":40},"skip":true},{"start":{"line":288,"column":44},"end":{"line":288,"column":67},"skip":true}]},"22":{"line":292,"type":"binary-expr","locations":[{"start":{"line":292,"column":12},"end":{"line":292,"column":50},"skip":true},{"start":{"line":293,"column":12},"end":{"line":293,"column":53},"skip":true}]},"23":{"line":297,"type":"binary-expr","locations":[{"start":{"line":297,"column":12},"end":{"line":297,"column":62},"skip":true},{"start":{"line":298,"column":12},"end":{"line":301,"column":36},"skip":true}]},"24":{"line":303,"type":"binary-expr","locations":[{"start":{"line":303,"column":43},"end":{"line":303,"column":75},"skip":true},{"start":{"line":303,"column":79},"end":{"line":303,"column":81},"skip":true}]},"25":{"line":306,"type":"if","locations":[{"start":{"line":306,"column":8},"end":{"line":306,"column":8},"skip":true},{"start":{"line":306,"column":8},"end":{"line":306,"column":8},"skip":true}]},"26":{"line":310,"type":"if","locations":[{"start":{"line":310,"column":8},"end":{"line":310,"column":8},"skip":true},{"start":{"line":310,"column":8},"end":{"line":310,"column":8},"skip":true}]},"27":{"line":313,"type":"binary-expr","locations":[{"start":{"line":313,"column":27},"end":{"line":313,"column":43},"skip":true},{"start":{"line":313,"column":47},"end":{"line":313,"column":53},"skip":true}]},"28":{"line":317,"type":"if","locations":[{"start":{"line":317,"column":12},"end":{"line":317,"column":12},"skip":true},{"start":{"line":317,"column":12},"end":{"line":317,"column":12},"skip":true}]}},"code":["/*","example.js","","quickstart example","","instruction","    1. save this script as example.js","    2. run the shell command:","        $ npm install npmtest-page && PORT=8081 node example.js","    3. play with the browser-demo on http://127.0.0.1:8081","*/","","","","/* istanbul instrument in package npmtest_page */","/*jslint","    bitwise: true,","    browser: true,","    maxerr: 8,","    maxlen: 96,","    node: true,","    nomen: true,","    regexp: true,","    stupid: true","*/","(function () {","    'use strict';","    var local;","","","","    // run shared js-env code - pre-init","    (function () {","        // init local","        local = {};","        // init modeJs","        local.modeJs = (function () {","            try {","                return typeof navigator.userAgent === 'string' &&","                    typeof document.querySelector('body') === 'object' &&","                    typeof XMLHttpRequest.prototype.open === 'function' &&","                    'browser';","            } catch (errorCaughtBrowser) {","                return module.exports &&","                    typeof process.versions.node === 'string' &&","                    typeof require('http').createServer === 'function' &&","                    'node';","            }","        }());","        // init global","        local.global = local.modeJs === 'browser'","            ? window","            : global;","        // init utility2_rollup","        local = local.global.utility2_rollup || (local.modeJs === 'browser'","            ? local.global.utility2_npmtest_page","            : global.utility2_moduleExports);","        // export local","        local.global.local = local;","    }());","    switch (local.modeJs) {","","","","    // post-init","    // run browser js-env code - post-init","    /* istanbul ignore next */","    case 'browser':","        local.testRunBrowser = function (event) {","            if (!event || (event &&","                    event.currentTarget &&","                    event.currentTarget.className &&","                    event.currentTarget.className.includes &&","                    event.currentTarget.className.includes('onreset'))) {","                // reset output","                Array.from(","                    document.querySelectorAll('body > .resettable')","                ).forEach(function (element) {","                    switch (element.tagName) {","                    case 'INPUT':","                    case 'TEXTAREA':","                        element.value = '';","                        break;","                    default:","                        element.textContent = '';","                    }","                });","            }","            switch (event && event.currentTarget && event.currentTarget.id) {","            case 'testRunButton1':","                // show tests","                if (document.querySelector('#testReportDiv1').style.display === 'none') {","                    document.querySelector('#testReportDiv1').style.display = 'block';","                    document.querySelector('#testRunButton1').textContent =","                        'hide internal test';","                    local.modeTest = true;","                    local.testRunDefault(local);","                // hide tests","                } else {","                    document.querySelector('#testReportDiv1').style.display = 'none';","                    document.querySelector('#testRunButton1').textContent = 'run internal test';","                }","                break;","            // custom-case","            default:","                break;","            }","            if (document.querySelector('#inputTextareaEval1') && (!event || (event &&","                    event.currentTarget &&","                    event.currentTarget.className &&","                    event.currentTarget.className.includes &&","                    event.currentTarget.className.includes('oneval')))) {","                // try to eval input-code","                try {","                    /*jslint evil: true*/","                    eval(document.querySelector('#inputTextareaEval1').value);","                } catch (errorCaught) {","                    console.error(errorCaught);","                }","            }","        };","        // log stderr and stdout to #outputTextareaStdout1","        ['error', 'log'].forEach(function (key) {","            console[key + '_original'] = console[key];","            console[key] = function () {","                var element;","                console[key + '_original'].apply(console, arguments);","                element = document.querySelector('#outputTextareaStdout1');","                if (!element) {","                    return;","                }","                // append text to #outputTextareaStdout1","                element.value += Array.from(arguments).map(function (arg) {","                    return typeof arg === 'string'","                        ? arg","                        : JSON.stringify(arg, null, 4);","                }).join(' ') + '\\n';","                // scroll textarea to bottom","                element.scrollTop = element.scrollHeight;","            };","        });","        // init event-handling","        ['change', 'click', 'keyup'].forEach(function (event) {","            Array.from(document.querySelectorAll('.on' + event)).forEach(function (element) {","                element.addEventListener(event, local.testRunBrowser);","            });","        });","        // run tests","        local.testRunBrowser();","        break;","","","","    // run node js-env code - post-init","    /* istanbul ignore next */","    case 'node':","        // export local","        module.exports = local;","        // require modules","        local.fs = require('fs');","        local.http = require('http');","        local.url = require('url');","        // init assets","        local.assetsDict = local.assetsDict || {};","        /* jslint-ignore-begin */","        local.assetsDict['/assets.index.template.html'] = '\\","<!doctype html>\\n\\","<html lang=\"en\">\\n\\","<head>\\n\\","<meta charset=\"UTF-8\">\\n\\","<meta name=\"viewport\" content=\"width=device-width, initial-scale=1\">\\n\\","<title>{{env.npm_package_name}} (v{{env.npm_package_version}})</title>\\n\\","<style>\\n\\","/*csslint\\n\\","    box-sizing: false,\\n\\","    universal-selector: false\\n\\","*/\\n\\","* {\\n\\","    box-sizing: border-box;\\n\\","}\\n\\","body {\\n\\","    background: #dde;\\n\\","    font-family: Arial, Helvetica, sans-serif;\\n\\","    margin: 2rem;\\n\\","}\\n\\","body > * {\\n\\","    margin-bottom: 1rem;\\n\\","}\\n\\",".utility2FooterDiv {\\n\\","    margin-top: 20px;\\n\\","    text-align: center;\\n\\","}\\n\\","</style>\\n\\","<style>\\n\\","/*csslint\\n\\","*/\\n\\","textarea {\\n\\","    font-family: monospace;\\n\\","    height: 10rem;\\n\\","    width: 100%;\\n\\","}\\n\\","textarea[readonly] {\\n\\","    background: #ddd;\\n\\","}\\n\\","</style>\\n\\","</head>\\n\\","<body>\\n\\","<!-- utility2-comment\\n\\","<div id=\"ajaxProgressDiv1\" style=\"background: #d00; height: 2px; left: 0; margin: 0; padding: 0; position: fixed; top: 0; transition: background 0.5s, width 1.5s; width: 25%;\"></div>\\n\\","utility2-comment -->\\n\\","<h1>\\n\\","<!-- utility2-comment\\n\\","    <a\\n\\","        {{#if env.npm_package_homepage}}\\n\\","        href=\"{{env.npm_package_homepage}}\"\\n\\","        {{/if env.npm_package_homepage}}\\n\\","        target=\"_blank\"\\n\\","    >\\n\\","utility2-comment -->\\n\\","        {{env.npm_package_name}} (v{{env.npm_package_version}})\\n\\","<!-- utility2-comment\\n\\","    </a>\\n\\","utility2-comment -->\\n\\","</h1>\\n\\","<h3>{{env.npm_package_description}}</h3>\\n\\","<!-- utility2-comment\\n\\","<h4><a download href=\"assets.app.js\">download standalone app</a></h4>\\n\\","<button class=\"onclick onreset\" id=\"testRunButton1\">run internal test</button><br>\\n\\","<div id=\"testReportDiv1\" style=\"display: none;\"></div>\\n\\","utility2-comment -->\\n\\","\\n\\","\\n\\","\\n\\","<label>stderr and stdout</label>\\n\\","<textarea class=\"resettable\" id=\"outputTextareaStdout1\" readonly></textarea>\\n\\","<!-- utility2-comment\\n\\","{{#if isRollup}}\\n\\","<script src=\"assets.app.js\"></script>\\n\\","{{#unless isRollup}}\\n\\","utility2-comment -->\\n\\","<script src=\"assets.utility2.rollup.js\"></script>\\n\\","<script src=\"jsonp.utility2._stateInit?callback=window.utility2._stateInit\"></script>\\n\\","<script src=\"assets.npmtest_page.rollup.js\"></script>\\n\\","<script src=\"assets.example.js\"></script>\\n\\","<script src=\"assets.test.js\"></script>\\n\\","<!-- utility2-comment\\n\\","{{/if isRollup}}\\n\\","utility2-comment -->\\n\\","<div class=\"utility2FooterDiv\">\\n\\","    [ this app was created with\\n\\","    <a href=\"https://github.com/kaizhu256/node-utility2\" target=\"_blank\">utility2</a>\\n\\","    ]\\n\\","</div>\\n\\","</body>\\n\\","</html>\\n\\","';","        /* jslint-ignore-end */","        if (local.templateRender) {","            local.assetsDict['/'] = local.templateRender(","                local.assetsDict['/assets.index.template.html'],","                {","                    env: local.objectSetDefault(local.env, {","                        npm_package_description: 'the greatest app in the world!',","                        npm_package_name: 'my-app',","                        npm_package_nameAlias: 'my_app',","                        npm_package_version: '0.0.1'","                    })","                }","            );","        } else {","            local.assetsDict['/'] = local.assetsDict['/assets.index.template.html']","                .replace((/\\{\\{env\\.(\\w+?)\\}\\}/g), function (match0, match1) {","                    // jslint-hack","                    String(match0);","                    switch (match1) {","                    case 'npm_package_description':","                        return 'the greatest app in the world!';","                    case 'npm_package_name':","                        return 'my-app';","                    case 'npm_package_nameAlias':","                        return 'my_app';","                    case 'npm_package_version':","                        return '0.0.1';","                    }","                });","        }","        // run the cli","        if (local.global.utility2_rollup || module !== require.main) {","            break;","        }","        local.assetsDict['/assets.example.js'] =","            local.assetsDict['/assets.example.js'] ||","            local.fs.readFileSync(__filename, 'utf8');","        // bug-workaround - long $npm_package_buildCustomOrg","        /* jslint-ignore-begin */","        local.assetsDict['/assets.npmtest_page.rollup.js'] =","            local.assetsDict['/assets.npmtest_page.rollup.js'] ||","            local.fs.readFileSync(","                local.npmtest_page.__dirname + '/lib.npmtest_page.js',","                'utf8'","            ).replace((/^#!/), '//');","        /* jslint-ignore-end */","        local.assetsDict['/favicon.ico'] = local.assetsDict['/favicon.ico'] || '';","        // if $npm_config_timeout_exit exists,","        // then exit this process after $npm_config_timeout_exit ms","        if (Number(process.env.npm_config_timeout_exit)) {","            setTimeout(process.exit, Number(process.env.npm_config_timeout_exit));","        }","        // start server","        if (local.global.utility2_serverHttp1) {","            break;","        }","        process.env.PORT = process.env.PORT || '8081';","        console.error('server starting on port ' + process.env.PORT);","        local.http.createServer(function (request, response) {","            request.urlParsed = local.url.parse(request.url);","            if (local.assetsDict[request.urlParsed.pathname] !== undefined) {","                response.end(local.assetsDict[request.urlParsed.pathname]);","                return;","            }","            response.statusCode = 404;","            response.end();","        }).listen(process.env.PORT);","        break;","    }","}());",""],"l":{"26":2,"28":2,"33":2,"35":2,"37":2,"38":2,"39":2,"44":1,"51":2,"55":2,"59":2,"61":2,"69":1,"70":2,"76":2,"79":2,"82":2,"83":2,"85":1,"89":2,"92":1,"93":1,"94":1,"96":1,"97":1,"100":1,"101":1,"103":1,"106":1,"108":2,"114":1,"116":1,"118":1,"123":1,"124":2,"125":2,"126":3,"127":3,"128":3,"129":3,"130":1,"133":3,"134":3,"139":3,"143":1,"144":3,"145":1,"149":1,"150":1,"158":1,"160":1,"161":1,"162":1,"164":1,"166":1,"258":1,"259":1,"271":1,"274":6,"275":6,"277":1,"279":2,"281":1,"283":2,"288":1,"289":1,"291":1,"296":1,"303":1,"306":1,"307":1,"310":1,"311":1,"313":1,"314":1,"315":1,"316":1,"317":1,"318":1,"319":1,"321":1,"322":1,"324":1}},"/home/travis/build/npmtest/node-npmtest-page/node_modules/page/index.js":{"path":"/home/travis/build/npmtest/node-npmtest-page/node_modules/page/index.js","s":{"1":1,"2":1,"3":1,"4":1,"5":1,"6":1,"7":1,"8":1,"9":1,"10":1,"11":1,"12":0,"13":0,"14":0,"15":0,"16":0,"17":0,"18":0,"19":0,"20":0,"21":1,"22":1,"23":1,"24":1,"25":1,"26":0,"27":0,"28":0,"29":1,"30":0,"31":0,"32":0,"33":0,"34":0,"35":0,"36":0,"37":0,"38":0,"39":0,"40":0,"41":0,"42":0,"43":0,"44":0,"45":0,"46":0,"47":0,"48":1,"49":0,"50":0,"51":0,"52":0,"53":0,"54":0,"55":0,"56":1,"57":0,"58":0,"59":0,"60":0,"61":0,"62":0,"63":0,"64":1,"65":0,"66":0,"67":0,"68":0,"69":0,"70":0,"71":0,"72":0,"73":1,"74":0,"75":0,"76":0,"77":0,"78":0,"79":0,"80":0,"81":1,"82":0,"83":0,"84":0,"85":0,"86":0,"87":0,"88":0,"89":1,"90":0,"91":0,"92":1,"93":0,"94":0,"95":0,"96":0,"97":1,"98":0,"99":0,"100":0,"101":0,"102":0,"103":0,"104":0,"105":0,"106":0,"107":0,"108":1,"109":0,"110":0,"111":0,"112":0,"113":0,"114":0,"115":0,"116":0,"117":0,"118":0,"119":0,"120":1,"121":0,"122":0,"123":0,"124":0,"125":0,"126":1,"127":0,"128":0,"129":0,"130":1,"131":0,"132":0,"133":0,"134":0,"135":0,"136":0,"137":0,"138":0,"139":0,"140":0,"141":0,"142":0,"143":0,"144":0,"145":0,"146":0,"147":0,"148":0,"149":0,"150":0,"151":0,"152":1,"153":1,"154":0,"155":0,"156":1,"157":0,"158":1,"159":0,"160":0,"161":0,"162":0,"163":1,"164":1,"165":0,"166":0,"167":0,"168":0,"169":0,"170":1,"171":0,"172":0,"173":0,"174":0,"175":0,"176":0,"177":0,"178":0,"179":0,"180":1,"181":1,"182":1,"183":1,"184":0,"185":0,"186":0,"187":0,"188":0,"189":0,"190":0,"191":0,"192":0,"193":0,"194":0,"195":0,"196":1,"197":0,"198":0,"199":0,"200":0,"201":0,"202":0,"203":0,"204":0,"205":0,"206":0,"207":0,"208":0,"209":0,"210":0,"211":0,"212":0,"213":0,"214":0,"215":0,"216":0,"217":0,"218":0,"219":0,"220":0,"221":0,"222":0,"223":0,"224":0,"225":0,"226":0,"227":0,"228":0,"229":0,"230":0,"231":1,"232":0,"233":0,"234":1,"235":0,"236":0,"237":0,"238":0,"239":1},"b":{"1":[0,1],"2":[1,0],"3":[1,0,0],"4":[0,0],"5":[0,0],"6":[0,0],"7":[0,0],"8":[0,0],"9":[0,0],"10":[0,0],"11":[0,0],"12":[0,0],"13":[0,0],"14":[0,0],"15":[0,0],"16":[0,0],"17":[0,0],"18":[0,0],"19":[0,0],"20":[0,0],"21":[0,0],"22":[0,0],"23":[0,0],"24":[0,0],"25":[0,0],"26":[0,0],"27":[0,0],"28":[0,0],"29":[0,0],"30":[0,0],"31":[0,0],"32":[0,0],"33":[0,0],"34":[0,0],"35":[0,0],"36":[0,0],"37":[0,0],"38":[0,0],"39":[0,0],"40":[0,0],"41":[0,0],"42":[0,0],"43":[0,0],"44":[0,0],"45":[0,0],"46":[0,0],"47":[0,0],"48":[0,0],"49":[0,0],"50":[0,0],"51":[0,0],"52":[0,0],"53":[0,0],"54":[0,0],"55":[0,0],"56":[0,0],"57":[0,0],"58":[0,0],"59":[0,0],"60":[0,0],"61":[0,0],"62":[0,0],"63":[1,0],"64":[0,0],"65":[0,0],"66":[0,0],"67":[0,0],"68":[0,0],"69":[0,0,0],"70":[0,0],"71":[0,0],"72":[0,0],"73":[0,0],"74":[0,0],"75":[0,0],"76":[0,0],"77":[0,0],"78":[0,0,0,0],"79":[0,0],"80":[0,0],"81":[0,0],"82":[0,0],"83":[0,0],"84":[0,0],"85":[0,0],"86":[0,0],"87":[0,0],"88":[0,0],"89":[0,0],"90":[0,0],"91":[0,0],"92":[0,0],"93":[0,0]},"f":{"1":0,"2":0,"3":0,"4":0,"5":0,"6":0,"7":0,"8":0,"9":0,"10":0,"11":0,"12":0,"13":0,"14":0,"15":0,"16":0,"17":0,"18":0,"19":0,"20":0,"21":0,"22":0,"23":0,"24":0,"25":0,"26":0,"27":1,"28":0,"29":0,"30":0,"31":0,"32":0,"33":0},"fnMap":{"1":{"name":"page","line":85,"loc":{"start":{"line":85,"column":2},"end":{"line":85,"column":26}}},"2":{"name":"(anonymous_2)","line":137,"loc":{"start":{"line":137,"column":14},"end":{"line":137,"column":29}}},"3":{"name":"(anonymous_3)","line":155,"loc":{"start":{"line":155,"column":15},"end":{"line":155,"column":33}}},"4":{"name":"(anonymous_4)","line":177,"loc":{"start":{"line":177,"column":14},"end":{"line":177,"column":25}}},"5":{"name":"(anonymous_5)","line":197,"loc":{"start":{"line":197,"column":14},"end":{"line":197,"column":52}}},"6":{"name":"(anonymous_6)","line":214,"loc":{"start":{"line":214,"column":14},"end":{"line":214,"column":36}}},"7":{"name":"(anonymous_7)","line":221,"loc":{"start":{"line":221,"column":17},"end":{"line":221,"column":28}}},"8":{"name":"(anonymous_8)","line":225,"loc":{"start":{"line":225,"column":17},"end":{"line":225,"column":28}}},"9":{"name":"(anonymous_9)","line":240,"loc":{"start":{"line":240,"column":18},"end":{"line":240,"column":37}}},"10":{"name":"(anonymous_10)","line":243,"loc":{"start":{"line":243,"column":17},"end":{"line":243,"column":29}}},"11":{"name":"(anonymous_11)","line":244,"loc":{"start":{"line":244,"column":19},"end":{"line":244,"column":30}}},"12":{"name":"(anonymous_12)","line":252,"loc":{"start":{"line":252,"column":17},"end":{"line":252,"column":28}}},"13":{"name":"(anonymous_13)","line":270,"loc":{"start":{"line":270,"column":17},"end":{"line":270,"column":55}}},"14":{"name":"(anonymous_14)","line":285,"loc":{"start":{"line":285,"column":18},"end":{"line":285,"column":32}}},"15":{"name":"nextExit","line":292,"loc":{"start":{"line":292,"column":4},"end":{"line":292,"column":24}}},"16":{"name":"nextEnter","line":298,"loc":{"start":{"line":298,"column":4},"end":{"line":298,"column":25}}},"17":{"name":"unhandled","line":324,"loc":{"start":{"line":324,"column":2},"end":{"line":324,"column":26}}},"18":{"name":"(anonymous_18)","line":346,"loc":{"start":{"line":346,"column":14},"end":{"line":346,"column":33}}},"19":{"name":"decodeURLEncodedURIComponent","line":364,"loc":{"start":{"line":364,"column":2},"end":{"line":364,"column":45}}},"20":{"name":"Context","line":379,"loc":{"start":{"line":379,"column":2},"end":{"line":379,"column":32}}},"21":{"name":"(anonymous_21)","line":417,"loc":{"start":{"line":417,"column":32},"end":{"line":417,"column":43}}},"22":{"name":"(anonymous_22)","line":428,"loc":{"start":{"line":428,"column":27},"end":{"line":428,"column":38}}},"23":{"name":"Route","line":447,"loc":{"start":{"line":447,"column":2},"end":{"line":447,"column":32}}},"24":{"name":"(anonymous_24)","line":471,"loc":{"start":{"line":471,"column":31},"end":{"line":471,"column":44}}},"25":{"name":"(anonymous_25)","line":473,"loc":{"start":{"line":473,"column":11},"end":{"line":473,"column":31}}},"26":{"name":"(anonymous_26)","line":489,"loc":{"start":{"line":489,"column":26},"end":{"line":489,"column":49}}},"27":{"name":"(anonymous_27)","line":513,"loc":{"start":{"line":513,"column":20},"end":{"line":513,"column":32}}},"28":{"name":"(anonymous_28)","line":521,"loc":{"start":{"line":521,"column":38},"end":{"line":521,"column":49}}},"29":{"name":"(anonymous_29)","line":522,"loc":{"start":{"line":522,"column":19},"end":{"line":522,"column":30}}},"30":{"name":"onpopstate","line":527,"loc":{"start":{"line":527,"column":11},"end":{"line":527,"column":34}}},"31":{"name":"onclick","line":541,"loc":{"start":{"line":541,"column":2},"end":{"line":541,"column":22}}},"32":{"name":"which","line":607,"loc":{"start":{"line":607,"column":2},"end":{"line":607,"column":20}}},"33":{"name":"sameOrigin","line":616,"loc":{"start":{"line":616,"column":2},"end":{"line":616,"column":28}}}},"statementMap":{"1":{"start":{"line":9,"column":2},"end":{"line":9,"column":47}},"2":{"start":{"line":15,"column":2},"end":{"line":15,"column":24}},"3":{"start":{"line":20,"column":2},"end":{"line":20,"column":103}},"4":{"start":{"line":27,"column":2},"end":{"line":27,"column":97}},"5":{"start":{"line":33,"column":2},"end":{"line":33,"column":22}},"6":{"start":{"line":40,"column":2},"end":{"line":40,"column":33}},"7":{"start":{"line":46,"column":2},"end":{"line":46,"column":16}},"8":{"start":{"line":52,"column":2},"end":{"line":52,"column":14}},"9":{"start":{"line":58,"column":2},"end":{"line":58,"column":23}},"10":{"start":{"line":65,"column":2},"end":{"line":65,"column":18}},"11":{"start":{"line":85,"column":2},"end":{"line":104,"column":3}},"12":{"start":{"line":87,"column":4},"end":{"line":89,"column":5}},"13":{"start":{"line":88,"column":6},"end":{"line":88,"column":29}},"14":{"start":{"line":92,"column":4},"end":{"line":103,"column":5}},"15":{"start":{"line":93,"column":6},"end":{"line":93,"column":58}},"16":{"start":{"line":94,"column":6},"end":{"line":96,"column":7}},"17":{"start":{"line":95,"column":8},"end":{"line":95,"column":60}},"18":{"start":{"line":98,"column":11},"end":{"line":103,"column":5}},"19":{"start":{"line":99,"column":6},"end":{"line":99,"column":67}},"20":{"start":{"line":102,"column":6},"end":{"line":102,"column":23}},"21":{"start":{"line":110,"column":2},"end":{"line":110,"column":22}},"22":{"start":{"line":111,"column":2},"end":{"line":111,"column":18}},"23":{"start":{"line":117,"column":2},"end":{"line":117,"column":20}},"24":{"start":{"line":128,"column":2},"end":{"line":128,"column":15}},"25":{"start":{"line":137,"column":2},"end":{"line":140,"column":4}},"26":{"start":{"line":138,"column":4},"end":{"line":138,"column":44}},"27":{"start":{"line":138,"column":32},"end":{"line":138,"column":44}},"28":{"start":{"line":139,"column":4},"end":{"line":139,"column":16}},"29":{"start":{"line":155,"column":2},"end":{"line":169,"column":4}},"30":{"start":{"line":156,"column":4},"end":{"line":156,"column":28}},"31":{"start":{"line":157,"column":4},"end":{"line":157,"column":24}},"32":{"start":{"line":157,"column":17},"end":{"line":157,"column":24}},"33":{"start":{"line":158,"column":4},"end":{"line":158,"column":19}},"34":{"start":{"line":159,"column":4},"end":{"line":159,"column":53}},"35":{"start":{"line":159,"column":36},"end":{"line":159,"column":53}},"36":{"start":{"line":160,"column":4},"end":{"line":160,"column":75}},"37":{"start":{"line":160,"column":47},"end":{"line":160,"column":75}},"38":{"start":{"line":161,"column":4},"end":{"line":161,"column":91}},"39":{"start":{"line":161,"column":36},"end":{"line":161,"column":91}},"40":{"start":{"line":162,"column":4},"end":{"line":164,"column":5}},"41":{"start":{"line":163,"column":6},"end":{"line":163,"column":60}},"42":{"start":{"line":165,"column":4},"end":{"line":165,"column":51}},"43":{"start":{"line":165,"column":35},"end":{"line":165,"column":51}},"44":{"start":{"line":166,"column":4},"end":{"line":166,"column":26}},"45":{"start":{"line":166,"column":19},"end":{"line":166,"column":26}},"46":{"start":{"line":167,"column":4},"end":{"line":167,"column":155}},"47":{"start":{"line":168,"column":4},"end":{"line":168,"column":44}},"48":{"start":{"line":177,"column":2},"end":{"line":184,"column":4}},"49":{"start":{"line":178,"column":4},"end":{"line":178,"column":25}},"50":{"start":{"line":178,"column":18},"end":{"line":178,"column":25}},"51":{"start":{"line":179,"column":4},"end":{"line":179,"column":22}},"52":{"start":{"line":180,"column":4},"end":{"line":180,"column":17}},"53":{"start":{"line":181,"column":4},"end":{"line":181,"column":20}},"54":{"start":{"line":182,"column":4},"end":{"line":182,"column":61}},"55":{"start":{"line":183,"column":4},"end":{"line":183,"column":62}},"56":{"start":{"line":197,"column":2},"end":{"line":203,"column":4}},"57":{"start":{"line":198,"column":4},"end":{"line":198,"column":39}},"58":{"start":{"line":199,"column":4},"end":{"line":199,"column":28}},"59":{"start":{"line":200,"column":4},"end":{"line":200,"column":47}},"60":{"start":{"line":200,"column":28},"end":{"line":200,"column":47}},"61":{"start":{"line":201,"column":4},"end":{"line":201,"column":65}},"62":{"start":{"line":201,"column":49},"end":{"line":201,"column":65}},"63":{"start":{"line":202,"column":4},"end":{"line":202,"column":15}},"64":{"start":{"line":214,"column":2},"end":{"line":229,"column":4}},"65":{"start":{"line":215,"column":4},"end":{"line":228,"column":5}},"66":{"start":{"line":218,"column":6},"end":{"line":218,"column":21}},"67":{"start":{"line":219,"column":6},"end":{"line":219,"column":17}},"68":{"start":{"line":220,"column":11},"end":{"line":228,"column":5}},"69":{"start":{"line":221,"column":6},"end":{"line":223,"column":9}},"70":{"start":{"line":222,"column":8},"end":{"line":222,"column":31}},"71":{"start":{"line":225,"column":6},"end":{"line":227,"column":9}},"72":{"start":{"line":226,"column":8},"end":{"line":226,"column":31}},"73":{"start":{"line":240,"column":2},"end":{"line":256,"column":4}},"74":{"start":{"line":242,"column":4},"end":{"line":248,"column":5}},"75":{"start":{"line":243,"column":6},"end":{"line":247,"column":9}},"76":{"start":{"line":244,"column":8},"end":{"line":246,"column":14}},"77":{"start":{"line":245,"column":10},"end":{"line":245,"column":52}},"78":{"start":{"line":251,"column":4},"end":{"line":255,"column":5}},"79":{"start":{"line":252,"column":6},"end":{"line":254,"column":12}},"80":{"start":{"line":253,"column":8},"end":{"line":253,"column":27}},"81":{"start":{"line":270,"column":2},"end":{"line":277,"column":4}},"82":{"start":{"line":271,"column":4},"end":{"line":271,"column":39}},"83":{"start":{"line":272,"column":4},"end":{"line":272,"column":28}},"84":{"start":{"line":273,"column":4},"end":{"line":273,"column":20}},"85":{"start":{"line":274,"column":4},"end":{"line":274,"column":15}},"86":{"start":{"line":275,"column":4},"end":{"line":275,"column":47}},"87":{"start":{"line":275,"column":28},"end":{"line":275,"column":47}},"88":{"start":{"line":276,"column":4},"end":{"line":276,"column":15}},"89":{"start":{"line":285,"column":2},"end":{"line":314,"column":4}},"90":{"start":{"line":286,"column":4},"end":{"line":288,"column":12}},"91":{"start":{"line":290,"column":4},"end":{"line":290,"column":22}},"92":{"start":{"line":292,"column":4},"end":{"line":296,"column":5}},"93":{"start":{"line":293,"column":6},"end":{"line":293,"column":31}},"94":{"start":{"line":294,"column":6},"end":{"line":294,"column":34}},"95":{"start":{"line":294,"column":15},"end":{"line":294,"column":34}},"96":{"start":{"line":295,"column":6},"end":{"line":295,"column":25}},"97":{"start":{"line":298,"column":4},"end":{"line":307,"column":5}},"98":{"start":{"line":299,"column":6},"end":{"line":299,"column":35}},"99":{"start":{"line":301,"column":6},"end":{"line":304,"column":7}},"100":{"start":{"line":302,"column":8},"end":{"line":302,"column":28}},"101":{"start":{"line":303,"column":8},"end":{"line":303,"column":15}},"102":{"start":{"line":305,"column":6},"end":{"line":305,"column":37}},"103":{"start":{"line":305,"column":15},"end":{"line":305,"column":37}},"104":{"start":{"line":306,"column":6},"end":{"line":306,"column":25}},"105":{"start":{"line":309,"column":4},"end":{"line":313,"column":5}},"106":{"start":{"line":310,"column":6},"end":{"line":310,"column":17}},"107":{"start":{"line":312,"column":6},"end":{"line":312,"column":18}},"108":{"start":{"line":324,"column":2},"end":{"line":338,"column":3}},"109":{"start":{"line":325,"column":4},"end":{"line":325,"column":28}},"110":{"start":{"line":325,"column":21},"end":{"line":325,"column":28}},"111":{"start":{"line":326,"column":4},"end":{"line":326,"column":16}},"112":{"start":{"line":328,"column":4},"end":{"line":332,"column":5}},"113":{"start":{"line":329,"column":6},"end":{"line":329,"column":55}},"114":{"start":{"line":331,"column":6},"end":{"line":331,"column":52}},"115":{"start":{"line":334,"column":4},"end":{"line":334,"column":46}},"116":{"start":{"line":334,"column":39},"end":{"line":334,"column":46}},"117":{"start":{"line":335,"column":4},"end":{"line":335,"column":16}},"118":{"start":{"line":336,"column":4},"end":{"line":336,"column":24}},"119":{"start":{"line":337,"column":4},"end":{"line":337,"column":38}},"120":{"start":{"line":346,"column":2},"end":{"line":355,"column":4}},"121":{"start":{"line":347,"column":4},"end":{"line":349,"column":5}},"122":{"start":{"line":348,"column":6},"end":{"line":348,"column":34}},"123":{"start":{"line":351,"column":4},"end":{"line":351,"column":32}},"124":{"start":{"line":352,"column":4},"end":{"line":354,"column":5}},"125":{"start":{"line":353,"column":6},"end":{"line":353,"column":54}},"126":{"start":{"line":364,"column":2},"end":{"line":367,"column":3}},"127":{"start":{"line":365,"column":4},"end":{"line":365,"column":48}},"128":{"start":{"line":365,"column":35},"end":{"line":365,"column":46}},"129":{"start":{"line":366,"column":4},"end":{"line":366,"column":83}},"130":{"start":{"line":379,"column":2},"end":{"line":403,"column":3}},"131":{"start":{"line":380,"column":4},"end":{"line":380,"column":97}},"132":{"start":{"line":380,"column":53},"end":{"line":380,"column":97}},"133":{"start":{"line":381,"column":4},"end":{"line":381,"column":30}},"134":{"start":{"line":383,"column":4},"end":{"line":383,"column":30}},"135":{"start":{"line":384,"column":4},"end":{"line":384,"column":46}},"136":{"start":{"line":385,"column":4},"end":{"line":385,"column":65}},"137":{"start":{"line":385,"column":18},"end":{"line":385,"column":65}},"138":{"start":{"line":387,"column":4},"end":{"line":387,"column":32}},"139":{"start":{"line":388,"column":4},"end":{"line":388,"column":29}},"140":{"start":{"line":389,"column":4},"end":{"line":389,"column":27}},"141":{"start":{"line":390,"column":4},"end":{"line":390,"column":81}},"142":{"start":{"line":391,"column":4},"end":{"line":391,"column":79}},"143":{"start":{"line":392,"column":4},"end":{"line":392,"column":21}},"144":{"start":{"line":395,"column":4},"end":{"line":395,"column":19}},"145":{"start":{"line":396,"column":4},"end":{"line":402,"column":5}},"146":{"start":{"line":397,"column":6},"end":{"line":397,"column":43}},"147":{"start":{"line":397,"column":36},"end":{"line":397,"column":43}},"148":{"start":{"line":398,"column":6},"end":{"line":398,"column":39}},"149":{"start":{"line":399,"column":6},"end":{"line":399,"column":27}},"150":{"start":{"line":400,"column":6},"end":{"line":400,"column":63}},"151":{"start":{"line":401,"column":6},"end":{"line":401,"column":56}},"152":{"start":{"line":409,"column":2},"end":{"line":409,"column":25}},"153":{"start":{"line":417,"column":2},"end":{"line":420,"column":4}},"154":{"start":{"line":418,"column":4},"end":{"line":418,"column":15}},"155":{"start":{"line":419,"column":4},"end":{"line":419,"column":117}},"156":{"start":{"line":428,"column":2},"end":{"line":430,"column":4}},"157":{"start":{"line":429,"column":4},"end":{"line":429,"column":120}},"158":{"start":{"line":447,"column":2},"end":{"line":454,"column":3}},"159":{"start":{"line":448,"column":4},"end":{"line":448,"column":28}},"160":{"start":{"line":449,"column":4},"end":{"line":449,"column":47}},"161":{"start":{"line":450,"column":4},"end":{"line":450,"column":24}},"162":{"start":{"line":451,"column":4},"end":{"line":453,"column":15}},"163":{"start":{"line":460,"column":2},"end":{"line":460,"column":21}},"164":{"start":{"line":471,"column":2},"end":{"line":477,"column":4}},"165":{"start":{"line":472,"column":4},"end":{"line":472,"column":20}},"166":{"start":{"line":473,"column":4},"end":{"line":476,"column":6}},"167":{"start":{"line":474,"column":6},"end":{"line":474,"column":65}},"168":{"start":{"line":474,"column":44},"end":{"line":474,"column":65}},"169":{"start":{"line":475,"column":6},"end":{"line":475,"column":13}},"170":{"start":{"line":489,"column":2},"end":{"line":506,"column":4}},"171":{"start":{"line":490,"column":4},"end":{"line":493,"column":57}},"172":{"start":{"line":495,"column":4},"end":{"line":495,"column":25}},"173":{"start":{"line":495,"column":12},"end":{"line":495,"column":25}},"174":{"start":{"line":497,"column":4},"end":{"line":503,"column":5}},"175":{"start":{"line":498,"column":6},"end":{"line":498,"column":28}},"176":{"start":{"line":499,"column":6},"end":{"line":499,"column":51}},"177":{"start":{"line":500,"column":6},"end":{"line":502,"column":7}},"178":{"start":{"line":501,"column":8},"end":{"line":501,"column":31}},"179":{"start":{"line":505,"column":4},"end":{"line":505,"column":16}},"180":{"start":{"line":513,"column":2},"end":{"line":536,"column":7}},"181":{"start":{"line":514,"column":4},"end":{"line":514,"column":23}},"182":{"start":{"line":515,"column":4},"end":{"line":517,"column":5}},"183":{"start":{"line":516,"column":6},"end":{"line":516,"column":13}},"184":{"start":{"line":518,"column":4},"end":{"line":526,"column":5}},"185":{"start":{"line":519,"column":6},"end":{"line":519,"column":20}},"186":{"start":{"line":521,"column":6},"end":{"line":525,"column":9}},"187":{"start":{"line":522,"column":8},"end":{"line":524,"column":14}},"188":{"start":{"line":523,"column":10},"end":{"line":523,"column":24}},"189":{"start":{"line":527,"column":4},"end":{"line":535,"column":6}},"190":{"start":{"line":528,"column":6},"end":{"line":528,"column":26}},"191":{"start":{"line":528,"column":19},"end":{"line":528,"column":26}},"192":{"start":{"line":529,"column":6},"end":{"line":534,"column":7}},"193":{"start":{"line":530,"column":8},"end":{"line":530,"column":32}},"194":{"start":{"line":531,"column":8},"end":{"line":531,"column":36}},"195":{"start":{"line":533,"column":8},"end":{"line":533,"column":82}},"196":{"start":{"line":541,"column":2},"end":{"line":601,"column":3}},"197":{"start":{"line":543,"column":4},"end":{"line":543,"column":31}},"198":{"start":{"line":543,"column":24},"end":{"line":543,"column":31}},"199":{"start":{"line":545,"column":4},"end":{"line":545,"column":53}},"200":{"start":{"line":545,"column":46},"end":{"line":545,"column":53}},"201":{"start":{"line":546,"column":4},"end":{"line":546,"column":35}},"202":{"start":{"line":546,"column":28},"end":{"line":546,"column":35}},"203":{"start":{"line":552,"column":4},"end":{"line":552,"column":43}},"204":{"start":{"line":553,"column":4},"end":{"line":553,"column":57}},"205":{"start":{"line":553,"column":38},"end":{"line":553,"column":57}},"206":{"start":{"line":554,"column":4},"end":{"line":554,"column":43}},"207":{"start":{"line":554,"column":36},"end":{"line":554,"column":43}},"208":{"start":{"line":561,"column":4},"end":{"line":561,"column":85}},"209":{"start":{"line":561,"column":78},"end":{"line":561,"column":85}},"210":{"start":{"line":564,"column":4},"end":{"line":564,"column":39}},"211":{"start":{"line":565,"column":4},"end":{"line":565,"column":92}},"212":{"start":{"line":565,"column":85},"end":{"line":565,"column":92}},"213":{"start":{"line":570,"column":4},"end":{"line":570,"column":53}},"214":{"start":{"line":570,"column":46},"end":{"line":570,"column":53}},"215":{"start":{"line":573,"column":4},"end":{"line":573,"column":26}},"216":{"start":{"line":573,"column":19},"end":{"line":573,"column":26}},"217":{"start":{"line":576,"column":4},"end":{"line":576,"column":37}},"218":{"start":{"line":576,"column":30},"end":{"line":576,"column":37}},"219":{"start":{"line":581,"column":4},"end":{"line":581,"column":57}},"220":{"start":{"line":584,"column":4},"end":{"line":586,"column":5}},"221":{"start":{"line":585,"column":6},"end":{"line":585,"column":49}},"222":{"start":{"line":589,"column":4},"end":{"line":589,"column":20}},"223":{"start":{"line":591,"column":4},"end":{"line":593,"column":5}},"224":{"start":{"line":592,"column":6},"end":{"line":592,"column":38}},"225":{"start":{"line":595,"column":4},"end":{"line":595,"column":48}},"226":{"start":{"line":595,"column":18},"end":{"line":595,"column":48}},"227":{"start":{"line":597,"column":4},"end":{"line":597,"column":38}},"228":{"start":{"line":597,"column":31},"end":{"line":597,"column":38}},"229":{"start":{"line":599,"column":4},"end":{"line":599,"column":23}},"230":{"start":{"line":600,"column":4},"end":{"line":600,"column":20}},"231":{"start":{"line":607,"column":2},"end":{"line":610,"column":3}},"232":{"start":{"line":608,"column":4},"end":{"line":608,"column":26}},"233":{"start":{"line":609,"column":4},"end":{"line":609,"column":49}},"234":{"start":{"line":616,"column":2},"end":{"line":620,"column":3}},"235":{"start":{"line":617,"column":4},"end":{"line":617,"column":62}},"236":{"start":{"line":618,"column":4},"end":{"line":618,"column":53}},"237":{"start":{"line":618,"column":23},"end":{"line":618,"column":53}},"238":{"start":{"line":619,"column":4},"end":{"line":619,"column":50}},"239":{"start":{"line":622,"column":2},"end":{"line":622,"column":31}}},"branchMap":{"1":{"line":20,"type":"cond-expr","locations":[{"start":{"line":20,"column":80},"end":{"line":20,"column":92}},{"start":{"line":20,"column":95},"end":{"line":20,"column":102}}]},"2":{"line":20,"type":"binary-expr","locations":[{"start":{"line":20,"column":20},"end":{"line":20,"column":51}},{"start":{"line":20,"column":56},"end":{"line":20,"column":77}}]},"3":{"line":27,"type":"binary-expr","locations":[{"start":{"line":27,"column":18},"end":{"line":27,"column":47}},{"start":{"line":27,"column":53},"end":{"line":27,"column":76}},{"start":{"line":27,"column":80},"end":{"line":27,"column":95}}]},"4":{"line":87,"type":"if","locations":[{"start":{"line":87,"column":4},"end":{"line":87,"column":4}},{"start":{"line":87,"column":4},"end":{"line":87,"column":4}}]},"5":{"line":92,"type":"if","locations":[{"start":{"line":92,"column":4},"end":{"line":92,"column":4}},{"start":{"line":92,"column":4},"end":{"line":92,"column":4}}]},"6":{"line":98,"type":"if","locations":[{"start":{"line":98,"column":11},"end":{"line":98,"column":11}},{"start":{"line":98,"column":11},"end":{"line":98,"column":11}}]},"7":{"line":99,"type":"cond-expr","locations":[{"start":{"line":99,"column":36},"end":{"line":99,"column":46}},{"start":{"line":99,"column":49},"end":{"line":99,"column":55}}]},"8":{"line":138,"type":"if","locations":[{"start":{"line":138,"column":4},"end":{"line":138,"column":4}},{"start":{"line":138,"column":4},"end":{"line":138,"column":4}}]},"9":{"line":156,"type":"binary-expr","locations":[{"start":{"line":156,"column":14},"end":{"line":156,"column":21}},{"start":{"line":156,"column":25},"end":{"line":156,"column":27}}]},"10":{"line":157,"type":"if","locations":[{"start":{"line":157,"column":4},"end":{"line":157,"column":4}},{"start":{"line":157,"column":4},"end":{"line":157,"column":4}}]},"11":{"line":159,"type":"if","locations":[{"start":{"line":159,"column":4},"end":{"line":159,"column":4}},{"start":{"line":159,"column":4},"end":{"line":159,"column":4}}]},"12":{"line":160,"type":"if","locations":[{"start":{"line":160,"column":4},"end":{"line":160,"column":4}},{"start":{"line":160,"column":4},"end":{"line":160,"column":4}}]},"13":{"line":161,"type":"if","locations":[{"start":{"line":161,"column":4},"end":{"line":161,"column":4}},{"start":{"line":161,"column":4},"end":{"line":161,"column":4}}]},"14":{"line":162,"type":"if","locations":[{"start":{"line":162,"column":4},"end":{"line":162,"column":4}},{"start":{"line":162,"column":4},"end":{"line":162,"column":4}}]},"15":{"line":165,"type":"if","locations":[{"start":{"line":165,"column":4},"end":{"line":165,"column":4}},{"start":{"line":165,"column":4},"end":{"line":165,"column":4}}]},"16":{"line":166,"type":"if","locations":[{"start":{"line":166,"column":4},"end":{"line":166,"column":4}},{"start":{"line":166,"column":4},"end":{"line":166,"column":4}}]},"17":{"line":167,"type":"cond-expr","locations":[{"start":{"line":167,"column":59},"end":{"line":167,"column":100}},{"start":{"line":167,"column":103},"end":{"line":167,"column":154}}]},"18":{"line":167,"type":"binary-expr","locations":[{"start":{"line":167,"column":15},"end":{"line":167,"column":23}},{"start":{"line":167,"column":27},"end":{"line":167,"column":55}}]},"19":{"line":178,"type":"if","locations":[{"start":{"line":178,"column":4},"end":{"line":178,"column":4}},{"start":{"line":178,"column":4},"end":{"line":178,"column":4}}]},"20":{"line":200,"type":"if","locations":[{"start":{"line":200,"column":4},"end":{"line":200,"column":4}},{"start":{"line":200,"column":4},"end":{"line":200,"column":4}}]},"21":{"line":201,"type":"if","locations":[{"start":{"line":201,"column":4},"end":{"line":201,"column":4}},{"start":{"line":201,"column":4},"end":{"line":201,"column":4}}]},"22":{"line":201,"type":"binary-expr","locations":[{"start":{"line":201,"column":8},"end":{"line":201,"column":29}},{"start":{"line":201,"column":33},"end":{"line":201,"column":47}}]},"23":{"line":215,"type":"if","locations":[{"start":{"line":215,"column":4},"end":{"line":215,"column":4}},{"start":{"line":215,"column":4},"end":{"line":215,"column":4}}]},"24":{"line":220,"type":"if","locations":[{"start":{"line":220,"column":11},"end":{"line":220,"column":11}},{"start":{"line":220,"column":11},"end":{"line":220,"column":11}}]},"25":{"line":242,"type":"if","locations":[{"start":{"line":242,"column":4},"end":{"line":242,"column":4}},{"start":{"line":242,"column":4},"end":{"line":242,"column":4}}]},"26":{"line":242,"type":"binary-expr","locations":[{"start":{"line":242,"column":8},"end":{"line":242,"column":32}},{"start":{"line":242,"column":36},"end":{"line":242,"column":58}}]},"27":{"line":251,"type":"if","locations":[{"start":{"line":251,"column":4},"end":{"line":251,"column":4}},{"start":{"line":251,"column":4},"end":{"line":251,"column":4}}]},"28":{"line":251,"type":"binary-expr","locations":[{"start":{"line":251,"column":8},"end":{"line":251,"column":32}},{"start":{"line":251,"column":36},"end":{"line":251,"column":61}}]},"29":{"line":275,"type":"if","locations":[{"start":{"line":275,"column":4},"end":{"line":275,"column":4}},{"start":{"line":275,"column":4},"end":{"line":275,"column":4}}]},"30":{"line":294,"type":"if","locations":[{"start":{"line":294,"column":6},"end":{"line":294,"column":6}},{"start":{"line":294,"column":6},"end":{"line":294,"column":6}}]},"31":{"line":301,"type":"if","locations":[{"start":{"line":301,"column":6},"end":{"line":301,"column":6}},{"start":{"line":301,"column":6},"end":{"line":301,"column":6}}]},"32":{"line":305,"type":"if","locations":[{"start":{"line":305,"column":6},"end":{"line":305,"column":6}},{"start":{"line":305,"column":6},"end":{"line":305,"column":6}}]},"33":{"line":309,"type":"if","locations":[{"start":{"line":309,"column":4},"end":{"line":309,"column":4}},{"start":{"line":309,"column":4},"end":{"line":309,"column":4}}]},"34":{"line":325,"type":"if","locations":[{"start":{"line":325,"column":4},"end":{"line":325,"column":4}},{"start":{"line":325,"column":4},"end":{"line":325,"column":4}}]},"35":{"line":328,"type":"if","locations":[{"start":{"line":328,"column":4},"end":{"line":328,"column":4}},{"start":{"line":328,"column":4},"end":{"line":328,"column":4}}]},"36":{"line":334,"type":"if","locations":[{"start":{"line":334,"column":4},"end":{"line":334,"column":4}},{"start":{"line":
[...]
lf = this;","    return function(ctx, next) {","      if (self.match(ctx.path, ctx.params)) return fn(ctx, next);","      next();","    };","  };","","  /**","   * Check if this route matches `path`, if so","   * populate `params`.","   *","   * @param {string} path","   * @param {Object} params","   * @return {boolean}","   * @api private","   */","","  Route.prototype.match = function(path, params) {","    var keys = this.keys,","      qsIndex = path.indexOf('?'),","      pathname = ~qsIndex ? path.slice(0, qsIndex) : path,","      m = this.regexp.exec(decodeURIComponent(pathname));","","    if (!m) return false;","","    for (var i = 1, len = m.length; i < len; ++i) {","      var key = keys[i - 1];","      var val = decodeURLEncodedURIComponent(m[i]);","      if (val !== undefined || !(hasOwnProperty.call(params, key.name))) {","        params[key.name] = val;","      }","    }","","    return true;","  };","","","  /**","   * Handle \"populate\" events.","   */","","  var onpopstate = (function () {","    var loaded = false;","    if ('undefined' === typeof window) {","      return;","    }","    if (document.readyState === 'complete') {","      loaded = true;","    } else {","      window.addEventListener('load', function() {","        setTimeout(function() {","          loaded = true;","        }, 0);","      });","    }","    return function onpopstate(e) {","      if (!loaded) return;","      if (e.state) {","        var path = e.state.path;","        page.replace(path, e.state);","      } else {","        page.show(location.pathname + location.hash, undefined, undefined, false);","      }","    };","  })();","  /**","   * Handle \"click\" events.","   */","","  function onclick(e) {","","    if (1 !== which(e)) return;","","    if (e.metaKey || e.ctrlKey || e.shiftKey) return;","    if (e.defaultPrevented) return;","","","","    // ensure link","    // use shadow dom when available","    var el = e.path ? e.path[0] : e.target;","    while (el && 'A' !== el.nodeName) el = el.parentNode;","    if (!el || 'A' !== el.nodeName) return;","","","","    // Ignore if tag has","    // 1. \"download\" attribute","    // 2. rel=\"external\" attribute","    if (el.hasAttribute('download') || el.getAttribute('rel') === 'external') return;","","    // ensure non-hash for the same path","    var link = el.getAttribute('href');","    if (!hashbang && el.pathname === location.pathname && (el.hash || '#' === link)) return;","","","","    // Check for mailto: in the href","    if (link && link.indexOf('mailto:') > -1) return;","","    // check target","    if (el.target) return;","","    // x-origin","    if (!sameOrigin(el.href)) return;","","","","    // rebuild path","    var path = el.pathname + el.search + (el.hash || '');","","    // strip leading \"/[drive letter]:\" on NW.js on Windows","    if (typeof process !== 'undefined' && path.match(/^\\/[a-zA-Z]:\\//)) {","      path = path.replace(/^\\/[a-zA-Z]:\\//, '/');","    }","","    // same page","    var orig = path;","","    if (path.indexOf(base) === 0) {","      path = path.substr(base.length);","    }","","    if (hashbang) path = path.replace('#!', '');","","    if (base && orig === path) return;","","    e.preventDefault();","    page.show(orig);","  }","","  /**","   * Event button.","   */","","  function which(e) {","    e = e || window.event;","    return null === e.which ? e.button : e.which;","  }","","  /**","   * Check if `href` is the same origin.","   */","","  function sameOrigin(href) {","    var origin = location.protocol + '//' + location.hostname;","    if (location.port) origin += ':' + location.port;","    return (href && (0 === href.indexOf(origin)));","  }","","  page.sameOrigin = sameOrigin;","","}).call(this,require('_process'))","},{\"_process\":2,\"path-to-regexp\":3}],2:[function(require,module,exports){","// shim for using process in browser","","var process = module.exports = {};","","process.nextTick = (function () {","    var canSetImmediate = typeof window !== 'undefined'","    && window.setImmediate;","    var canMutationObserver = typeof window !== 'undefined'","    && window.MutationObserver;","    var canPost = typeof window !== 'undefined'","    && window.postMessage && window.addEventListener","    ;","","    if (canSetImmediate) {","        return function (f) { return window.setImmediate(f) };","    }","","    var queue = [];","","    if (canMutationObserver) {","        var hiddenDiv = document.createElement(\"div\");","        var observer = new MutationObserver(function () {","            var queueList = queue.slice();","            queue.length = 0;","            queueList.forEach(function (fn) {","                fn();","            });","        });","","        observer.observe(hiddenDiv, { attributes: true });","","        return function nextTick(fn) {","            if (!queue.length) {","                hiddenDiv.setAttribute('yes', 'no');","            }","            queue.push(fn);","        };","    }","","    if (canPost) {","        window.addEventListener('message', function (ev) {","            var source = ev.source;","            if ((source === window || source === null) && ev.data === 'process-tick') {","                ev.stopPropagation();","                if (queue.length > 0) {","                    var fn = queue.shift();","                    fn();","                }","            }","        }, true);","","        return function nextTick(fn) {","            queue.push(fn);","            window.postMessage('process-tick', '*');","        };","    }","","    return function nextTick(fn) {","        setTimeout(fn, 0);","    };","})();","","process.title = 'browser';","process.browser = true;","process.env = {};","process.argv = [];","","function noop() {}","","process.on = noop;","process.addListener = noop;","process.once = noop;","process.off = noop;","process.removeListener = noop;","process.removeAllListeners = noop;","process.emit = noop;","","process.binding = function (name) {","    throw new Error('process.binding is not supported');","};","","// TODO(shtylman)","process.cwd = function () { return '/' };","process.chdir = function (dir) {","    throw new Error('process.chdir is not supported');","};","","},{}],3:[function(require,module,exports){","var isarray = require('isarray')","","/**"," * Expose `pathToRegexp`."," */","module.exports = pathToRegexp","module.exports.parse = parse","module.exports.compile = compile","module.exports.tokensToFunction = tokensToFunction","module.exports.tokensToRegExp = tokensToRegExp","","/**"," * The main path matching regexp utility."," *"," * @type {RegExp}"," */","var PATH_REGEXP = new RegExp([","  // Match escaped characters that would otherwise appear in future matches.","  // This allows the user to escape special characters that won't transform.","  '(\\\\\\\\.)',","  // Match Express-style parameters and un-named parameters with a prefix","  // and optional suffixes. Matches appear as:","  //","  // \"/:test(\\\\d+)?\" => [\"/\", \"test\", \"\\d+\", undefined, \"?\", undefined]","  // \"/route(\\\\d+)\"  => [undefined, undefined, undefined, \"\\d+\", undefined, undefined]","  // \"/*\"            => [\"/\", undefined, undefined, undefined, undefined, \"*\"]","  '([\\\\/.])?(?:(?:\\\\:(\\\\w+)(?:\\\\(((?:\\\\\\\\.|[^()])+)\\\\))?|\\\\(((?:\\\\\\\\.|[^()])+)\\\\))([+*?])?|(\\\\*))'","].join('|'), 'g')","","/**"," * Parse a string for the raw tokens."," *"," * @param  {String} str"," * @return {Array}"," */","function parse (str) {","  var tokens = []","  var key = 0","  var index = 0","  var path = ''","  var res","","  while ((res = PATH_REGEXP.exec(str)) != null) {","    var m = res[0]","    var escaped = res[1]","    var offset = res.index","    path += str.slice(index, offset)","    index = offset + m.length","","    // Ignore already escaped sequences.","    if (escaped) {","      path += escaped[1]","      continue","    }","","    // Push the current path onto the tokens.","    if (path) {","      tokens.push(path)","      path = ''","    }","","    var prefix = res[2]","    var name = res[3]","    var capture = res[4]","    var group = res[5]","    var suffix = res[6]","    var asterisk = res[7]","","    var repeat = suffix === '+' || suffix === '*'","    var optional = suffix === '?' || suffix === '*'","    var delimiter = prefix || '/'","    var pattern = capture || group || (asterisk ? '.*' : '[^' + delimiter + ']+?')","","    tokens.push({","      name: name || key++,","      prefix: prefix || '',","      delimiter: delimiter,","      optional: optional,","      repeat: repeat,","      pattern: escapeGroup(pattern)","    })","  }","","  // Match any characters still remaining.","  if (index < str.length) {","    path += str.substr(index)","  }","","  // If the path exists, push it onto the end.","  if (path) {","    tokens.push(path)","  }","","  return tokens","}","","/**"," * Compile a string to a template function for the path."," *"," * @param  {String}   str"," * @return {Function}"," */","function compile (str) {","  return tokensToFunction(parse(str))","}","","/**"," * Expose a method for transforming tokens into the path function."," */","function tokensToFunction (tokens) {","  // Compile all the tokens into regexps.","  var matches = new Array(tokens.length)","","  // Compile all the patterns before compilation.","  for (var i = 0; i < tokens.length; i++) {","    if (typeof tokens[i] === 'object') {","      matches[i] = new RegExp('^' + tokens[i].pattern + '$')","    }","  }","","  return function (obj) {","    var path = ''","    var data = obj || {}","","    for (var i = 0; i < tokens.length; i++) {","      var token = tokens[i]","","      if (typeof token === 'string') {","        path += token","","        continue","      }","","      var value = data[token.name]","      var segment","","      if (value == null) {","        if (token.optional) {","          continue","        } else {","          throw new TypeError('Expected \"' + token.name + '\" to be defined')","        }","      }","","      if (isarray(value)) {","        if (!token.repeat) {","          throw new TypeError('Expected \"' + token.name + '\" to not repeat, but received \"' + value + '\"')","        }","","        if (value.length === 0) {","          if (token.optional) {","            continue","          } else {","            throw new TypeError('Expected \"' + token.name + '\" to not be empty')","          }","        }","","        for (var j = 0; j < value.length; j++) {","          segment = encodeURIComponent(value[j])","","          if (!matches[i].test(segment)) {","            throw new TypeError('Expected all \"' + token.name + '\" to match \"' + token.pattern + '\", but received \"' + segment + '\"')","          }","","          path += (j === 0 ? token.prefix : token.delimiter) + segment","        }","","        continue","      }","","      segment = encodeURIComponent(value)","","      if (!matches[i].test(segment)) {","        throw new TypeError('Expected \"' + token.name + '\" to match \"' + token.pattern + '\", but received \"' + segment + '\"')","      }","","      path += token.prefix + segment","    }","","    return path","  }","}","","/**"," * Escape a regular expression string."," *"," * @param  {String} str"," * @return {String}"," */","function escapeString (str) {","  return str.replace(/([.+*?=^!:${}()[\\]|\\/])/g, '\\\\$1')","}","","/**"," * Escape the capturing group by escaping special characters and meaning."," *"," * @param  {String} group"," * @return {String}"," */","function escapeGroup (group) {","  return group.replace(/([=!:$\\/()])/g, '\\\\$1')","}","","/**"," * Attach the keys as a property of the regexp."," *"," * @param  {RegExp} re"," * @param  {Array}  keys"," * @return {RegExp}"," */","function attachKeys (re, keys) {","  re.keys = keys","  return re","}","","/**"," * Get the flags for a regexp from the options."," *"," * @param  {Object} options"," * @return {String}"," */","function flags (options) {","  return options.sensitive ? '' : 'i'","}","","/**"," * Pull out keys from a regexp."," *"," * @param  {RegExp} path"," * @param  {Array}  keys"," * @return {RegExp}"," */","function regexpToRegexp (path, keys) {","  // Use a negative lookahead to match only capturing groups.","  var groups = path.source.match(/\\((?!\\?)/g)","","  if (groups) {","    for (var i = 0; i < groups.length; i++) {","      keys.push({","        name: i,","        prefix: null,","        delimiter: null,","        optional: false,","        repeat: false,","        pattern: null","      })","    }","  }","","  return attachKeys(path, keys)","}","","/**"," * Transform an array into a regexp."," *"," * @param  {Array}  path"," * @param  {Array}  keys"," * @param  {Object} options"," * @return {RegExp}"," */","function arrayToRegexp (path, keys, options) {","  var parts = []","","  for (var i = 0; i < path.length; i++) {","    parts.push(pathToRegexp(path[i], keys, options).source)","  }","","  var regexp = new RegExp('(?:' + parts.join('|') + ')', flags(options))","","  return attachKeys(regexp, keys)","}","","/**"," * Create a path regexp from string input."," *"," * @param  {String} path"," * @param  {Array}  keys"," * @param  {Object} options"," * @return {RegExp}"," */","function stringToRegexp (path, keys, options) {","  var tokens = parse(path)","  var re = tokensToRegExp(tokens, options)","","  // Attach keys back to the regexp.","  for (var i = 0; i < tokens.length; i++) {","    if (typeof tokens[i] !== 'string') {","      keys.push(tokens[i])","    }","  }","","  return attachKeys(re, keys)","}","","/**"," * Expose a function for taking tokens and returning a RegExp."," *"," * @param  {Array}  tokens"," * @param  {Array}  keys"," * @param  {Object} options"," * @return {RegExp}"," */","function tokensToRegExp (tokens, options) {","  options = options || {}","","  var strict = options.strict","  var end = options.end !== false","  var route = ''","  var lastToken = tokens[tokens.length - 1]","  var endsWithSlash = typeof lastToken === 'string' && /\\/$/.test(lastToken)","","  // Iterate over the tokens and create our regexp string.","  for (var i = 0; i < tokens.length; i++) {","    var token = tokens[i]","","    if (typeof token === 'string') {","      route += escapeString(token)","    } else {","      var prefix = escapeString(token.prefix)","      var capture = token.pattern","","      if (token.repeat) {","        capture += '(?:' + prefix + capture + ')*'","      }","","      if (token.optional) {","        if (prefix) {","          capture = '(?:' + prefix + '(' + capture + '))?'","        } else {","          capture = '(' + capture + ')?'","        }","      } else {","        capture = prefix + '(' + capture + ')'","      }","","      route += capture","    }","  }","","  // In non-strict mode we allow a slash at the end of match. If the path to","  // match already ends with a slash, we remove it for consistency. The slash","  // is valid at the end of a path match, not in the middle. This is important","  // in non-ending mode, where \"/test/\" shouldn't match \"/test//route\".","  if (!strict) {","    route = (endsWithSlash ? route.slice(0, -2) : route) + '(?:\\\\/(?=$))?'","  }","","  if (end) {","    route += '$'","  } else {","    // In non-ending mode, we need the capturing groups to match as much as","    // possible by using a positive lookahead to the end or next path segment.","    route += strict && endsWithSlash ? '' : '(?=\\\\/|$)'","  }","","  return new RegExp('^' + route, flags(options))","}","","/**"," * Normalize the given path string, returning a regular expression."," *"," * An empty array can be passed in for the keys, which will hold the"," * placeholder key descriptions. For example, using `/user/:id`, `keys` will"," * contain `[{ name: 'id', delimiter: '/', optional: false, repeat: false }]`."," *"," * @param  {(String|RegExp|Array)} path"," * @param  {Array}                 [keys]"," * @param  {Object}                [options]"," * @return {RegExp}"," */","function pathToRegexp (path, keys, options) {","  keys = keys || []","","  if (!isarray(keys)) {","    options = keys","    keys = []","  } else if (!options) {","    options = {}","  }","","  if (path instanceof RegExp) {","    return regexpToRegexp(path, keys, options)","  }","","  if (isarray(path)) {","    return arrayToRegexp(path, keys, options)","  }","","  return stringToRegexp(path, keys, options)","}","","},{\"isarray\":4}],4:[function(require,module,exports){","module.exports = Array.isArray || function (arr) {","  return Object.prototype.toString.call(arr) == '[object Array]';","};","","},{}]},{},[1])(1)","});"],"l":{"1":5,"2":1,"11":1,"17":1,"22":1,"29":1,"35":1,"42":1,"48":1,"54":1,"60":1,"67":1,"87":1,"89":0,"90":0,"94":0,"95":0,"96":0,"97":0,"100":0,"101":0,"104":0,"112":1,"113":1,"119":1,"130":1,"139":1,"140":0,"141":0,"157":1,"158":0,"159":0,"160":0,"161":0,"162":0,"163":0,"164":0,"165":0,"167":0,"168":0,"169":0,"170":0,"179":1,"180":0,"181":0,"182":0,"183":0,"184":0,"185":0,"199":1,"200":0,"201":0,"202":0,"203":0,"204":0,"216":1,"217":0,"220":0,"221":0,"222":0,"223":0,"224":0,"227":0,"228":0,"242":1,"244":0,"245":0,"246":0,"247":0,"253":0,"254":0,"255":0,"272":1,"273":0,"274":0,"275":0,"276":0,"277":0,"278":0,"287":1,"288":0,"292":0,"294":1,"295":0,"296":0,"297":0,"300":1,"301":0,"303":0,"304":0,"305":0,"307":0,"308":0,"311":0,"312":0,"314":0,"326":1,"327":0,"328":0,"330":0,"331":0,"333":0,"336":0,"337":0,"338":0,"339":0,"348":1,"349":0,"350":0,"353":0,"354":0,"355":0,"366":1,"367":0,"368":0,"381":1,"382":0,"383":0,"385":0,"386":0,"387":0,"389":0,"390":0,"391":0,"392":0,"393":0,"394":0,"397":0,"398":0,"399":0,"400":0,"401":0,"402":0,"403":0,"411":1,"419":1,"420":0,"421":0,"430":1,"431":0,"449":1,"450":0,"451":0,"452":0,"453":0,"462":1,"473":1,"474":0,"475":0,"476":0,"477":0,"491":1,"492":0,"497":0,"499":0,"500":0,"501":0,"502":0,"503":0,"507":0,"515":1,"516":1,"517":1,"518":1,"520":0,"521":0,"523":0,"524":0,"525":0,"529":0,"530":0,"531":0,"532":0,"533":0,"535":0,"543":1,"545":0,"547":0,"548":0,"554":0,"555":0,"556":0,"563":0,"566":0,"567":0,"572":0,"575":0,"578":0,"583":0,"586":0,"587":0,"591":0,"593":0,"594":0,"597":0,"599":0,"601":0,"602":0,"609":1,"610":0,"611":0,"618":1,"619":0,"620":0,"621":0,"624":1,"630":1,"632":1,"633":1,"635":1,"637":1,"641":1,"642":0,"645":1,"647":1,"648":0,"649":0,"650":0,"651":0,"652":0,"653":0,"657":0,"659":0,"660":0,"661":0,"663":0,"667":1,"668":0,"669":0,"670":0,"671":0,"672":0,"673":0,"674":0,"679":0,"680":0,"681":0,"685":1,"686":0,"690":1,"691":1,"692":1,"693":1,"695":1,"697":1,"698":1,"699":1,"700":1,"701":1,"702":1,"703":1,"705":1,"706":0,"710":1,"711":1,"712":0,"716":1,"721":1,"722":1,"723":1,"724":1,"725":1,"732":1,"751":1,"752":0,"753":0,"754":0,"755":0,"756":0,"758":0,"759":0,"760":0,"761":0,"762":0,"763":0,"766":0,"767":0,"768":0,"772":0,"773":0,"774":0,"777":0,"778":0,"779":0,"780":0,"781":0,"782":0,"784":0,"785":0,"786":0,"787":0,"789":0,"800":0,"801":0,"805":0,"806":0,"809":0,"818":1,"819":0,"825":1,"827":0,"830":0,"831":0,"832":0,"836":0,"837":0,"838":0,"840":0,"841":0,"843":0,"844":0,"846":0,"849":0,"850":0,"852":0,"853":0,"854":0,"856":0,"860":0,"861":0,"862":0,"865":0,"866":0,"867":0,"869":0,"873":0,"874":0,"876":0,"877":0,"880":0,"883":0,"886":0,"888":0,"889":0,"892":0,"895":0,"905":1,"906":0,"915":1,"916":0,"926":1,"927":0,"928":0,"937":1,"938":0,"948":1,"950":0,"952":0,"953":0,"954":0,"965":0,"976":1,"977":0,"979":0,"980":0,"983":0,"985":0,"996":1,"997":0,"998":0,"1001":0,"1002":0,"1003":0,"1007":0,"1018":1,"1019":0,"1021":0,"1022":0,"1023":0,"1024":0,"1025":0,"1028":0,"1029":0,"1031":0,"1032":0,"1034":0,"1035":0,"1037":0,"1038":0,"1041":0,"1042":0,"1043":0,"1045":0,"1048":0,"1051":0,"1059":0,"1060":0,"1063":0,"1064":0,"1068":0,"1071":0,"1086":1,"1087":0,"1089":0,"1090":0,"1091":0,"1092":0,"1093":0,"1096":0,"1097":0,"1100":0,"1101":0,"1104":0,"1108":1,"1109":0}}}